<?xml version="1.0" encoding="UTF-8"?>
<!-- Generated by org.testng.reporters.JUnitXMLReporter -->
<testsuite hostname="pathwalker-pc" name="Default test" tests="3" failures="0" timestamp="28 Apr 2017 02:22:28 GMT" time="2.62" errors="0">
  <testcase name="getDeck" time="0.006" classname="test.integration.DeckTest"/>
  <testcase name="getDeckLinkedListInteger" time="0.018" classname="test.integration.DeckTest"/>
  <testcase name="shuffle" time="0.002" classname="test.integration.DeckTest"/>
</testsuite> <!-- Default test -->
