<?xml version="1.0" encoding="UTF-8"?>
<!-- Generated by org.testng.reporters.JUnitXMLReporter -->
<testsuite hostname="pathwalker-pc" name="Test" tests="3" failures="0" timestamp="28 Apr 2017 02:20:50 GMT" time="2.592" errors="0">
  <testcase name="getDeck" time="0.005" classname="test.integration.DeckTest"/>
  <testcase name="getDeckLinkedListInteger" time="0.017" classname="test.integration.DeckTest"/>
  <testcase name="shuffle" time="0.001" classname="test.integration.DeckTest"/>
</testsuite> <!-- Test -->
