<?xml version="1.0" encoding="UTF-8"?>
<testng-results skipped="0" failed="0" ignored="0" total="3" passed="3">
  <reporter-output>
  </reporter-output>
  <suite name="Default suite" duration-ms="6855" started-at="2017-04-13T23:28:27Z" finished-at="2017-04-13T23:28:34Z">
    <groups>
    </groups>
    <test name="Default test" duration-ms="6855" started-at="2017-04-13T23:28:27Z" finished-at="2017-04-13T23:28:34Z">
      <class name="test.DeckTest">
        <test-method status="PASS" signature="beforeMethod()[pri:0, instance:test.DeckTest@4de8b406]" name="beforeMethod" is-config="true" duration-ms="3289" started-at="2017-04-13T16:28:27Z" finished-at="2017-04-13T16:28:31Z">
          <reporter-output>
          </reporter-output>
        </test-method> <!-- beforeMethod -->
        <test-method status="PASS" signature="getDeck()[pri:0, instance:test.DeckTest@4de8b406]" name="getDeck" duration-ms="20" started-at="2017-04-13T16:28:31Z" finished-at="2017-04-13T16:28:31Z">
          <reporter-output>
          </reporter-output>
        </test-method> <!-- getDeck -->
        <test-method status="PASS" signature="beforeMethod()[pri:0, instance:test.DeckTest@4de8b406]" name="beforeMethod" is-config="true" duration-ms="1843" started-at="2017-04-13T16:28:31Z" finished-at="2017-04-13T16:28:32Z">
          <reporter-output>
          </reporter-output>
        </test-method> <!-- beforeMethod -->
        <test-method status="PASS" signature="getDeckLinkedListInteger()[pri:0, instance:test.DeckTest@4de8b406]" name="getDeckLinkedListInteger" duration-ms="32" started-at="2017-04-13T16:28:32Z" finished-at="2017-04-13T16:28:32Z">
          <reporter-output>
          </reporter-output>
        </test-method> <!-- getDeckLinkedListInteger -->
        <test-method status="PASS" signature="beforeMethod()[pri:0, instance:test.DeckTest@4de8b406]" name="beforeMethod" is-config="true" duration-ms="1531" started-at="2017-04-13T16:28:32Z" finished-at="2017-04-13T16:28:34Z">
          <reporter-output>
          </reporter-output>
        </test-method> <!-- beforeMethod -->
        <test-method status="PASS" signature="shuffle()[pri:0, instance:test.DeckTest@4de8b406]" name="shuffle" duration-ms="10" started-at="2017-04-13T16:28:34Z" finished-at="2017-04-13T16:28:34Z">
          <reporter-output>
          </reporter-output>
        </test-method> <!-- shuffle -->
      </class> <!-- test.DeckTest -->
    </test> <!-- Default test -->
  </suite> <!-- Default suite -->
</testng-results>
