<?xml version="1.0" encoding="UTF-8"?>
<!-- Generated by org.testng.reporters.JUnitXMLReporter -->
<testsuite hostname="joshbresette" ignored="0" name="Default test" tests="3" failures="0" timestamp="13 Apr 2017 23:28:34 GMT" time="6.855" errors="0">
  <testcase name="getDeck" time="0.02" classname="test.DeckTest"/>
  <testcase name="getDeckLinkedListInteger" time="0.032" classname="test.DeckTest"/>
  <testcase name="shuffle" time="0.01" classname="test.DeckTest"/>
</testsuite> <!-- Default test -->
