<?xml version="1.0" encoding="UTF-8"?>
<!-- Generated by org.testng.reporters.JUnitXMLReporter -->
<testsuite hostname="pathwalker-pc" ignored="0" name="Default test" tests="379" failures="53" timestamp="13 Apr 2017 07:29:13 GMT" time="3.145" errors="0">
  <testcase name="addCard" time="0.014" classname="test.CardStackTest"/>
  <testcase name="addStack" time="0.001" classname="test.CardStackTest"/>
  <testcase name="getAvailableCards" time="0.001" classname="test.CardStackTest"/>
  <testcase name="getBottom" time="0.001" classname="test.CardStackTest"/>
  <testcase name="getCardAtLocationint" time="0.001" classname="test.CardStackTest"/>
  <testcase name="getStackCard" time="0.014" classname="test.CardStackTest"/>
  <testcase name="getStackint" time="0.001" classname="test.CardStackTest">
    <failure type="java.lang.ArrayIndexOutOfBoundsException" message="-1">
      <![CDATA[java.lang.ArrayIndexOutOfBoundsException: -1
	at java.util.Vector.elementData(Unknown Source)
	at java.util.Vector.get(Unknown Source)
	at FourRowSolitaire.CardStack.getCardAtLocation(CardStack.java:116)
	at FourRowSolitaire.CardStack.getStack(CardStack.java:211)
	at test.CardStackTest.getStackint(CardStackTest.java:138)
	at sun.reflect.NativeMethodAccessorImpl.invoke0(Native Method)
	at sun.reflect.NativeMethodAccessorImpl.invoke(Unknown Source)
	at sun.reflect.DelegatingMethodAccessorImpl.invoke(Unknown Source)
	at java.lang.reflect.Method.invoke(Unknown Source)
	at org.testng.internal.MethodInvocationHelper.invokeMethod(MethodInvocationHelper.java:108)
	at org.testng.internal.Invoker.invokeMethod(Invoker.java:661)
	at org.testng.internal.Invoker.invokeTestMethod(Invoker.java:869)
	at org.testng.internal.Invoker.invokeTestMethods(Invoker.java:1193)
	at org.testng.internal.TestMethodWorker.invokeTestMethods(TestMethodWorker.java:126)
	at org.testng.internal.TestMethodWorker.run(TestMethodWorker.java:109)
	at org.testng.TestRunner.privateRun(TestRunner.java:744)
	at org.testng.TestRunner.run(TestRunner.java:602)
	at org.testng.SuiteRunner.runTest(SuiteRunner.java:380)
	at org.testng.SuiteRunner.runSequentially(SuiteRunner.java:375)
	at org.testng.SuiteRunner.privateRun(SuiteRunner.java:340)
	at org.testng.SuiteRunner.run(SuiteRunner.java:289)
	at org.testng.SuiteRunnerWorker.runSuite(SuiteRunnerWorker.java:52)
	at org.testng.SuiteRunnerWorker.run(SuiteRunnerWorker.java:86)
	at org.testng.TestNG.runSuitesSequentially(TestNG.java:1301)
	at org.testng.TestNG.runSuitesLocally(TestNG.java:1226)
	at org.testng.TestNG.runSuites(TestNG.java:1144)
	at org.testng.TestNG.run(TestNG.java:1115)
	at org.testng.remote.AbstractRemoteTestNG.run(AbstractRemoteTestNG.java:132)
	at org.testng.remote.RemoteTestNG.initAndRun(RemoteTestNG.java:230)
	at org.testng.remote.RemoteTestNG.main(RemoteTestNG.java:76)
]]>
    </failure>
  </testcase> <!-- getStackint -->
  <testcase name="isEmpty" time="0.0" classname="test.CardStackTest"/>
  <testcase name="length" time="0.0" classname="test.CardStackTest"/>
  <testcase name="peek" time="0.001" classname="test.CardStackTest"/>
  <testcase name="pop" time="0.001" classname="test.CardStackTest"/>
  <testcase name="popCardStack" time="0.0" classname="test.CardStackTest"/>
  <testcase name="pushCard" time="0.001" classname="test.CardStackTest"/>
  <testcase name="pushCardStack" time="0.001" classname="test.CardStackTest"/>
  <testcase name="search" time="0.001" classname="test.CardStackTest"/>
  <testcase name="color" time="0.0" classname="test.CardTest"/>
  <testcase name="color" time="0.0" classname="test.CardTest"/>
  <testcase name="color" time="0.0" classname="test.CardTest"/>
  <testcase name="color" time="0.0" classname="test.CardTest"/>
  <testcase name="color" time="0.001" classname="test.CardTest"/>
  <testcase name="color" time="0.001" classname="test.CardTest"/>
  <testcase name="color" time="0.001" classname="test.CardTest"/>
  <testcase name="color" time="0.0" classname="test.CardTest"/>
  <testcase name="color" time="0.0" classname="test.CardTest"/>
  <testcase name="color" time="0.0" classname="test.CardTest"/>
  <testcase name="color" time="0.0" classname="test.CardTest"/>
  <testcase name="color" time="0.0" classname="test.CardTest"/>
  <testcase name="color" time="0.001" classname="test.CardTest"/>
  <testcase name="color" time="0.001" classname="test.CardTest"/>
  <testcase name="color" time="0.0" classname="test.CardTest"/>
  <testcase name="color" time="0.001" classname="test.CardTest"/>
  <testcase name="color" time="0.0" classname="test.CardTest"/>
  <testcase name="color" time="0.0" classname="test.CardTest"/>
  <testcase name="color" time="0.0" classname="test.CardTest"/>
  <testcase name="color" time="0.001" classname="test.CardTest"/>
  <testcase name="color" time="0.0" classname="test.CardTest"/>
  <testcase name="color" time="0.0" classname="test.CardTest"/>
  <testcase name="color" time="0.001" classname="test.CardTest"/>
  <testcase name="color" time="0.0" classname="test.CardTest"/>
  <testcase name="color" time="0.0" classname="test.CardTest"/>
  <testcase name="color" time="0.0" classname="test.CardTest"/>
  <testcase name="color" time="0.001" classname="test.CardTest"/>
  <testcase name="color" time="0.0" classname="test.CardTest"/>
  <testcase name="color" time="0.0" classname="test.CardTest"/>
  <testcase name="color" time="0.001" classname="test.CardTest"/>
  <testcase name="color" time="0.0" classname="test.CardTest"/>
  <testcase name="color" time="0.0" classname="test.CardTest"/>
  <testcase name="color" time="0.001" classname="test.CardTest"/>
  <testcase name="color" time="0.0" classname="test.CardTest"/>
  <testcase name="color" time="0.0" classname="test.CardTest"/>
  <testcase name="color" time="0.001" classname="test.CardTest"/>
  <testcase name="color" time="0.0" classname="test.CardTest"/>
  <testcase name="color" time="0.001" classname="test.CardTest"/>
  <testcase name="color" time="0.0" classname="test.CardTest"/>
  <testcase name="color" time="0.0" classname="test.CardTest"/>
  <testcase name="color" time="0.001" classname="test.CardTest"/>
  <testcase name="color" time="0.0" classname="test.CardTest"/>
  <testcase name="color" time="0.0" classname="test.CardTest"/>
  <testcase name="color" time="0.0" classname="test.CardTest"/>
  <testcase name="color" time="0.001" classname="test.CardTest"/>
  <testcase name="color" time="0.001" classname="test.CardTest"/>
  <testcase name="color" time="0.0" classname="test.CardTest"/>
  <testcase name="color" time="0.001" classname="test.CardTest"/>
  <testcase name="color" time="0.0" classname="test.CardTest"/>
  <testcase name="color" time="0.001" classname="test.CardTest"/>
  <testcase name="color" time="0.0" classname="test.CardTest"/>
  <testcase name="color" time="0.001" classname="test.CardTest"/>
  <testcase name="equals" time="0.004" classname="test.CardTest">
    <failure type="java.lang.AssertionError" message="Card not .equal() to it&amp;apos;s clone: FourRowSolitaire.Card[,0,0,0x0,invalid,alignmentX=0.0,alignmentY=0.0,border=,flags=0,maximumSize=,minimumSize=,preferredSize=] expected [FourRowSolitaire.Card[,0,0,0x0,invalid,alignmentX=0.0,alignmentY=0.0,border=,flags=0,maximumSize=,minimumSize=,preferredSize=]] but found [FourRowSolitaire.Card[,0,0,0x0,invalid,alignmentX=0.0,alignmentY=0.0,border=,flags=0,maximumSize=,minimumSize=,preferredSize=]]">
      <![CDATA[java.lang.AssertionError: Card not .equal() to it's clone: FourRowSolitaire.Card[,0,0,0x0,invalid,alignmentX=0.0,alignmentY=0.0,border=,flags=0,maximumSize=,minimumSize=,preferredSize=] expected [FourRowSolitaire.Card[,0,0,0x0,invalid,alignmentX=0.0,alignmentY=0.0,border=,flags=0,maximumSize=,minimumSize=,preferredSize=]] but found [FourRowSolitaire.Card[,0,0,0x0,invalid,alignmentX=0.0,alignmentY=0.0,border=,flags=0,maximumSize=,minimumSize=,preferredSize=]]
	at org.testng.Assert.fail(Assert.java:93)
	at org.testng.Assert.failNotEquals(Assert.java:512)
	at org.testng.Assert.assertEqualsImpl(Assert.java:134)
	at org.testng.Assert.assertEquals(Assert.java:115)
	at test.CardTest.equals(CardTest.java:21)
	at sun.reflect.NativeMethodAccessorImpl.invoke0(Native Method)
	at sun.reflect.NativeMethodAccessorImpl.invoke(Unknown Source)
	at sun.reflect.DelegatingMethodAccessorImpl.invoke(Unknown Source)
	at java.lang.reflect.Method.invoke(Unknown Source)
	at org.testng.internal.MethodInvocationHelper.invokeMethod(MethodInvocationHelper.java:108)
	at org.testng.internal.Invoker.invokeMethod(Invoker.java:661)
	at org.testng.internal.Invoker.invokeTestMethod(Invoker.java:869)
	at org.testng.internal.Invoker.invokeTestMethods(Invoker.java:1193)
	at org.testng.internal.TestMethodWorker.invokeTestMethods(TestMethodWorker.java:126)
	at org.testng.internal.TestMethodWorker.run(TestMethodWorker.java:109)
	at org.testng.TestRunner.privateRun(TestRunner.java:744)
	at org.testng.TestRunner.run(TestRunner.java:602)
	at org.testng.SuiteRunner.runTest(SuiteRunner.java:380)
	at org.testng.SuiteRunner.runSequentially(SuiteRunner.java:375)
	at org.testng.SuiteRunner.privateRun(SuiteRunner.java:340)
	at org.testng.SuiteRunner.run(SuiteRunner.java:289)
	at org.testng.SuiteRunnerWorker.runSuite(SuiteRunnerWorker.java:52)
	at org.testng.SuiteRunnerWorker.run(SuiteRunnerWorker.java:86)
	at org.testng.TestNG.runSuitesSequentially(TestNG.java:1301)
	at org.testng.TestNG.runSuitesLocally(TestNG.java:1226)
	at org.testng.TestNG.runSuites(TestNG.java:1144)
	at org.testng.TestNG.run(TestNG.java:1115)
	at org.testng.remote.AbstractRemoteTestNG.run(AbstractRemoteTestNG.java:132)
	at org.testng.remote.RemoteTestNG.initAndRun(RemoteTestNG.java:230)
	at org.testng.remote.RemoteTestNG.main(RemoteTestNG.java:76)
]]>
    </failure>
  </testcase> <!-- equals -->
  <testcase name="equals" time="0.003" classname="test.CardTest">
    <failure type="java.lang.AssertionError" message="Card not .equal() to it&amp;apos;s clone: FourRowSolitaire.Card[,0,0,0x0,invalid,alignmentX=0.0,alignmentY=0.0,border=,flags=0,maximumSize=,minimumSize=,preferredSize=] expected [FourRowSolitaire.Card[,0,0,0x0,invalid,alignmentX=0.0,alignmentY=0.0,border=,flags=0,maximumSize=,minimumSize=,preferredSize=]] but found [FourRowSolitaire.Card[,0,0,0x0,invalid,alignmentX=0.0,alignmentY=0.0,border=,flags=0,maximumSize=,minimumSize=,preferredSize=]]">
      <![CDATA[java.lang.AssertionError: Card not .equal() to it's clone: FourRowSolitaire.Card[,0,0,0x0,invalid,alignmentX=0.0,alignmentY=0.0,border=,flags=0,maximumSize=,minimumSize=,preferredSize=] expected [FourRowSolitaire.Card[,0,0,0x0,invalid,alignmentX=0.0,alignmentY=0.0,border=,flags=0,maximumSize=,minimumSize=,preferredSize=]] but found [FourRowSolitaire.Card[,0,0,0x0,invalid,alignmentX=0.0,alignmentY=0.0,border=,flags=0,maximumSize=,minimumSize=,preferredSize=]]
	at org.testng.Assert.fail(Assert.java:93)
	at org.testng.Assert.failNotEquals(Assert.java:512)
	at org.testng.Assert.assertEqualsImpl(Assert.java:134)
	at org.testng.Assert.assertEquals(Assert.java:115)
	at test.CardTest.equals(CardTest.java:21)
	at sun.reflect.NativeMethodAccessorImpl.invoke0(Native Method)
	at sun.reflect.NativeMethodAccessorImpl.invoke(Unknown Source)
	at sun.reflect.DelegatingMethodAccessorImpl.invoke(Unknown Source)
	at java.lang.reflect.Method.invoke(Unknown Source)
	at org.testng.internal.MethodInvocationHelper.invokeMethod(MethodInvocationHelper.java:108)
	at org.testng.internal.Invoker.invokeMethod(Invoker.java:661)
	at org.testng.internal.Invoker.invokeTestMethod(Invoker.java:869)
	at org.testng.internal.Invoker.invokeTestMethods(Invoker.java:1193)
	at org.testng.internal.TestMethodWorker.invokeTestMethods(TestMethodWorker.java:126)
	at org.testng.internal.TestMethodWorker.run(TestMethodWorker.java:109)
	at org.testng.TestRunner.privateRun(TestRunner.java:744)
	at org.testng.TestRunner.run(TestRunner.java:602)
	at org.testng.SuiteRunner.runTest(SuiteRunner.java:380)
	at org.testng.SuiteRunner.runSequentially(SuiteRunner.java:375)
	at org.testng.SuiteRunner.privateRun(SuiteRunner.java:340)
	at org.testng.SuiteRunner.run(SuiteRunner.java:289)
	at org.testng.SuiteRunnerWorker.runSuite(SuiteRunnerWorker.java:52)
	at org.testng.SuiteRunnerWorker.run(SuiteRunnerWorker.java:86)
	at org.testng.TestNG.runSuitesSequentially(TestNG.java:1301)
	at org.testng.TestNG.runSuitesLocally(TestNG.java:1226)
	at org.testng.TestNG.runSuites(TestNG.java:1144)
	at org.testng.TestNG.run(TestNG.java:1115)
	at org.testng.remote.AbstractRemoteTestNG.run(AbstractRemoteTestNG.java:132)
	at org.testng.remote.RemoteTestNG.initAndRun(RemoteTestNG.java:230)
	at org.testng.remote.RemoteTestNG.main(RemoteTestNG.java:76)
]]>
    </failure>
  </testcase> <!-- equals -->
  <testcase name="equals" time="0.004" classname="test.CardTest">
    <failure type="java.lang.AssertionError" message="Card not .equal() to it&amp;apos;s clone: FourRowSolitaire.Card[,0,0,0x0,invalid,alignmentX=0.0,alignmentY=0.0,border=,flags=0,maximumSize=,minimumSize=,preferredSize=] expected [FourRowSolitaire.Card[,0,0,0x0,invalid,alignmentX=0.0,alignmentY=0.0,border=,flags=0,maximumSize=,minimumSize=,preferredSize=]] but found [FourRowSolitaire.Card[,0,0,0x0,invalid,alignmentX=0.0,alignmentY=0.0,border=,flags=0,maximumSize=,minimumSize=,preferredSize=]]">
      <![CDATA[java.lang.AssertionError: Card not .equal() to it's clone: FourRowSolitaire.Card[,0,0,0x0,invalid,alignmentX=0.0,alignmentY=0.0,border=,flags=0,maximumSize=,minimumSize=,preferredSize=] expected [FourRowSolitaire.Card[,0,0,0x0,invalid,alignmentX=0.0,alignmentY=0.0,border=,flags=0,maximumSize=,minimumSize=,preferredSize=]] but found [FourRowSolitaire.Card[,0,0,0x0,invalid,alignmentX=0.0,alignmentY=0.0,border=,flags=0,maximumSize=,minimumSize=,preferredSize=]]
	at org.testng.Assert.fail(Assert.java:93)
	at org.testng.Assert.failNotEquals(Assert.java:512)
	at org.testng.Assert.assertEqualsImpl(Assert.java:134)
	at org.testng.Assert.assertEquals(Assert.java:115)
	at test.CardTest.equals(CardTest.java:21)
	at sun.reflect.NativeMethodAccessorImpl.invoke0(Native Method)
	at sun.reflect.NativeMethodAccessorImpl.invoke(Unknown Source)
	at sun.reflect.DelegatingMethodAccessorImpl.invoke(Unknown Source)
	at java.lang.reflect.Method.invoke(Unknown Source)
	at org.testng.internal.MethodInvocationHelper.invokeMethod(MethodInvocationHelper.java:108)
	at org.testng.internal.Invoker.invokeMethod(Invoker.java:661)
	at org.testng.internal.Invoker.invokeTestMethod(Invoker.java:869)
	at org.testng.internal.Invoker.invokeTestMethods(Invoker.java:1193)
	at org.testng.internal.TestMethodWorker.invokeTestMethods(TestMethodWorker.java:126)
	at org.testng.internal.TestMethodWorker.run(TestMethodWorker.java:109)
	at org.testng.TestRunner.privateRun(TestRunner.java:744)
	at org.testng.TestRunner.run(TestRunner.java:602)
	at org.testng.SuiteRunner.runTest(SuiteRunner.java:380)
	at org.testng.SuiteRunner.runSequentially(SuiteRunner.java:375)
	at org.testng.SuiteRunner.privateRun(SuiteRunner.java:340)
	at org.testng.SuiteRunner.run(SuiteRunner.java:289)
	at org.testng.SuiteRunnerWorker.runSuite(SuiteRunnerWorker.java:52)
	at org.testng.SuiteRunnerWorker.run(SuiteRunnerWorker.java:86)
	at org.testng.TestNG.runSuitesSequentially(TestNG.java:1301)
	at org.testng.TestNG.runSuitesLocally(TestNG.java:1226)
	at org.testng.TestNG.runSuites(TestNG.java:1144)
	at org.testng.TestNG.run(TestNG.java:1115)
	at org.testng.remote.AbstractRemoteTestNG.run(AbstractRemoteTestNG.java:132)
	at org.testng.remote.RemoteTestNG.initAndRun(RemoteTestNG.java:230)
	at org.testng.remote.RemoteTestNG.main(RemoteTestNG.java:76)
]]>
    </failure>
  </testcase> <!-- equals -->
  <testcase name="equals" time="0.003" classname="test.CardTest">
    <failure type="java.lang.AssertionError" message="Card not .equal() to it&amp;apos;s clone: FourRowSolitaire.Card[,0,0,0x0,invalid,alignmentX=0.0,alignmentY=0.0,border=,flags=0,maximumSize=,minimumSize=,preferredSize=] expected [FourRowSolitaire.Card[,0,0,0x0,invalid,alignmentX=0.0,alignmentY=0.0,border=,flags=0,maximumSize=,minimumSize=,preferredSize=]] but found [FourRowSolitaire.Card[,0,0,0x0,invalid,alignmentX=0.0,alignmentY=0.0,border=,flags=0,maximumSize=,minimumSize=,preferredSize=]]">
      <![CDATA[java.lang.AssertionError: Card not .equal() to it's clone: FourRowSolitaire.Card[,0,0,0x0,invalid,alignmentX=0.0,alignmentY=0.0,border=,flags=0,maximumSize=,minimumSize=,preferredSize=] expected [FourRowSolitaire.Card[,0,0,0x0,invalid,alignmentX=0.0,alignmentY=0.0,border=,flags=0,maximumSize=,minimumSize=,preferredSize=]] but found [FourRowSolitaire.Card[,0,0,0x0,invalid,alignmentX=0.0,alignmentY=0.0,border=,flags=0,maximumSize=,minimumSize=,preferredSize=]]
	at org.testng.Assert.fail(Assert.java:93)
	at org.testng.Assert.failNotEquals(Assert.java:512)
	at org.testng.Assert.assertEqualsImpl(Assert.java:134)
	at org.testng.Assert.assertEquals(Assert.java:115)
	at test.CardTest.equals(CardTest.java:21)
	at sun.reflect.NativeMethodAccessorImpl.invoke0(Native Method)
	at sun.reflect.NativeMethodAccessorImpl.invoke(Unknown Source)
	at sun.reflect.DelegatingMethodAccessorImpl.invoke(Unknown Source)
	at java.lang.reflect.Method.invoke(Unknown Source)
	at org.testng.internal.MethodInvocationHelper.invokeMethod(MethodInvocationHelper.java:108)
	at org.testng.internal.Invoker.invokeMethod(Invoker.java:661)
	at org.testng.internal.Invoker.invokeTestMethod(Invoker.java:869)
	at org.testng.internal.Invoker.invokeTestMethods(Invoker.java:1193)
	at org.testng.internal.TestMethodWorker.invokeTestMethods(TestMethodWorker.java:126)
	at org.testng.internal.TestMethodWorker.run(TestMethodWorker.java:109)
	at org.testng.TestRunner.privateRun(TestRunner.java:744)
	at org.testng.TestRunner.run(TestRunner.java:602)
	at org.testng.SuiteRunner.runTest(SuiteRunner.java:380)
	at org.testng.SuiteRunner.runSequentially(SuiteRunner.java:375)
	at org.testng.SuiteRunner.privateRun(SuiteRunner.java:340)
	at org.testng.SuiteRunner.run(SuiteRunner.java:289)
	at org.testng.SuiteRunnerWorker.runSuite(SuiteRunnerWorker.java:52)
	at org.testng.SuiteRunnerWorker.run(SuiteRunnerWorker.java:86)
	at org.testng.TestNG.runSuitesSequentially(TestNG.java:1301)
	at org.testng.TestNG.runSuitesLocally(TestNG.java:1226)
	at org.testng.TestNG.runSuites(TestNG.java:1144)
	at org.testng.TestNG.run(TestNG.java:1115)
	at org.testng.remote.AbstractRemoteTestNG.run(AbstractRemoteTestNG.java:132)
	at org.testng.remote.RemoteTestNG.initAndRun(RemoteTestNG.java:230)
	at org.testng.remote.RemoteTestNG.main(RemoteTestNG.java:76)
]]>
    </failure>
  </testcase> <!-- equals -->
  <testcase name="equals" time="0.003" classname="test.CardTest">
    <failure type="java.lang.AssertionError" message="Card not .equal() to it&amp;apos;s clone: FourRowSolitaire.Card[,0,0,0x0,invalid,alignmentX=0.0,alignmentY=0.0,border=,flags=0,maximumSize=,minimumSize=,preferredSize=] expected [FourRowSolitaire.Card[,0,0,0x0,invalid,alignmentX=0.0,alignmentY=0.0,border=,flags=0,maximumSize=,minimumSize=,preferredSize=]] but found [FourRowSolitaire.Card[,0,0,0x0,invalid,alignmentX=0.0,alignmentY=0.0,border=,flags=0,maximumSize=,minimumSize=,preferredSize=]]">
      <![CDATA[java.lang.AssertionError: Card not .equal() to it's clone: FourRowSolitaire.Card[,0,0,0x0,invalid,alignmentX=0.0,alignmentY=0.0,border=,flags=0,maximumSize=,minimumSize=,preferredSize=] expected [FourRowSolitaire.Card[,0,0,0x0,invalid,alignmentX=0.0,alignmentY=0.0,border=,flags=0,maximumSize=,minimumSize=,preferredSize=]] but found [FourRowSolitaire.Card[,0,0,0x0,invalid,alignmentX=0.0,alignmentY=0.0,border=,flags=0,maximumSize=,minimumSize=,preferredSize=]]
	at org.testng.Assert.fail(Assert.java:93)
	at org.testng.Assert.failNotEquals(Assert.java:512)
	at org.testng.Assert.assertEqualsImpl(Assert.java:134)
	at org.testng.Assert.assertEquals(Assert.java:115)
	at test.CardTest.equals(CardTest.java:21)
	at sun.reflect.NativeMethodAccessorImpl.invoke0(Native Method)
	at sun.reflect.NativeMethodAccessorImpl.invoke(Unknown Source)
	at sun.reflect.DelegatingMethodAccessorImpl.invoke(Unknown Source)
	at java.lang.reflect.Method.invoke(Unknown Source)
	at org.testng.internal.MethodInvocationHelper.invokeMethod(MethodInvocationHelper.java:108)
	at org.testng.internal.Invoker.invokeMethod(Invoker.java:661)
	at org.testng.internal.Invoker.invokeTestMethod(Invoker.java:869)
	at org.testng.internal.Invoker.invokeTestMethods(Invoker.java:1193)
	at org.testng.internal.TestMethodWorker.invokeTestMethods(TestMethodWorker.java:126)
	at org.testng.internal.TestMethodWorker.run(TestMethodWorker.java:109)
	at org.testng.TestRunner.privateRun(TestRunner.java:744)
	at org.testng.TestRunner.run(TestRunner.java:602)
	at org.testng.SuiteRunner.runTest(SuiteRunner.java:380)
	at org.testng.SuiteRunner.runSequentially(SuiteRunner.java:375)
	at org.testng.SuiteRunner.privateRun(SuiteRunner.java:340)
	at org.testng.SuiteRunner.run(SuiteRunner.java:289)
	at org.testng.SuiteRunnerWorker.runSuite(SuiteRunnerWorker.java:52)
	at org.testng.SuiteRunnerWorker.run(SuiteRunnerWorker.java:86)
	at org.testng.TestNG.runSuitesSequentially(TestNG.java:1301)
	at org.testng.TestNG.runSuitesLocally(TestNG.java:1226)
	at org.testng.TestNG.runSuites(TestNG.java:1144)
	at org.testng.TestNG.run(TestNG.java:1115)
	at org.testng.remote.AbstractRemoteTestNG.run(AbstractRemoteTestNG.java:132)
	at org.testng.remote.RemoteTestNG.initAndRun(RemoteTestNG.java:230)
	at org.testng.remote.RemoteTestNG.main(RemoteTestNG.java:76)
]]>
    </failure>
  </testcase> <!-- equals -->
  <testcase name="equals" time="0.004" classname="test.CardTest">
    <failure type="java.lang.AssertionError" message="Card not .equal() to it&amp;apos;s clone: FourRowSolitaire.Card[,0,0,0x0,invalid,alignmentX=0.0,alignmentY=0.0,border=,flags=0,maximumSize=,minimumSize=,preferredSize=] expected [FourRowSolitaire.Card[,0,0,0x0,invalid,alignmentX=0.0,alignmentY=0.0,border=,flags=0,maximumSize=,minimumSize=,preferredSize=]] but found [FourRowSolitaire.Card[,0,0,0x0,invalid,alignmentX=0.0,alignmentY=0.0,border=,flags=0,maximumSize=,minimumSize=,preferredSize=]]">
      <![CDATA[java.lang.AssertionError: Card not .equal() to it's clone: FourRowSolitaire.Card[,0,0,0x0,invalid,alignmentX=0.0,alignmentY=0.0,border=,flags=0,maximumSize=,minimumSize=,preferredSize=] expected [FourRowSolitaire.Card[,0,0,0x0,invalid,alignmentX=0.0,alignmentY=0.0,border=,flags=0,maximumSize=,minimumSize=,preferredSize=]] but found [FourRowSolitaire.Card[,0,0,0x0,invalid,alignmentX=0.0,alignmentY=0.0,border=,flags=0,maximumSize=,minimumSize=,preferredSize=]]
	at org.testng.Assert.fail(Assert.java:93)
	at org.testng.Assert.failNotEquals(Assert.java:512)
	at org.testng.Assert.assertEqualsImpl(Assert.java:134)
	at org.testng.Assert.assertEquals(Assert.java:115)
	at test.CardTest.equals(CardTest.java:21)
	at sun.reflect.NativeMethodAccessorImpl.invoke0(Native Method)
	at sun.reflect.NativeMethodAccessorImpl.invoke(Unknown Source)
	at sun.reflect.DelegatingMethodAccessorImpl.invoke(Unknown Source)
	at java.lang.reflect.Method.invoke(Unknown Source)
	at org.testng.internal.MethodInvocationHelper.invokeMethod(MethodInvocationHelper.java:108)
	at org.testng.internal.Invoker.invokeMethod(Invoker.java:661)
	at org.testng.internal.Invoker.invokeTestMethod(Invoker.java:869)
	at org.testng.internal.Invoker.invokeTestMethods(Invoker.java:1193)
	at org.testng.internal.TestMethodWorker.invokeTestMethods(TestMethodWorker.java:126)
	at org.testng.internal.TestMethodWorker.run(TestMethodWorker.java:109)
	at org.testng.TestRunner.privateRun(TestRunner.java:744)
	at org.testng.TestRunner.run(TestRunner.java:602)
	at org.testng.SuiteRunner.runTest(SuiteRunner.java:380)
	at org.testng.SuiteRunner.runSequentially(SuiteRunner.java:375)
	at org.testng.SuiteRunner.privateRun(SuiteRunner.java:340)
	at org.testng.SuiteRunner.run(SuiteRunner.java:289)
	at org.testng.SuiteRunnerWorker.runSuite(SuiteRunnerWorker.java:52)
	at org.testng.SuiteRunnerWorker.run(SuiteRunnerWorker.java:86)
	at org.testng.TestNG.runSuitesSequentially(TestNG.java:1301)
	at org.testng.TestNG.runSuitesLocally(TestNG.java:1226)
	at org.testng.TestNG.runSuites(TestNG.java:1144)
	at org.testng.TestNG.run(TestNG.java:1115)
	at org.testng.remote.AbstractRemoteTestNG.run(AbstractRemoteTestNG.java:132)
	at org.testng.remote.RemoteTestNG.initAndRun(RemoteTestNG.java:230)
	at org.testng.remote.RemoteTestNG.main(RemoteTestNG.java:76)
]]>
    </failure>
  </testcase> <!-- equals -->
  <testcase name="equals" time="0.004" classname="test.CardTest">
    <failure type="java.lang.AssertionError" message="Card not .equal() to it&amp;apos;s clone: FourRowSolitaire.Card[,0,0,0x0,invalid,alignmentX=0.0,alignmentY=0.0,border=,flags=0,maximumSize=,minimumSize=,preferredSize=] expected [FourRowSolitaire.Card[,0,0,0x0,invalid,alignmentX=0.0,alignmentY=0.0,border=,flags=0,maximumSize=,minimumSize=,preferredSize=]] but found [FourRowSolitaire.Card[,0,0,0x0,invalid,alignmentX=0.0,alignmentY=0.0,border=,flags=0,maximumSize=,minimumSize=,preferredSize=]]">
      <![CDATA[java.lang.AssertionError: Card not .equal() to it's clone: FourRowSolitaire.Card[,0,0,0x0,invalid,alignmentX=0.0,alignmentY=0.0,border=,flags=0,maximumSize=,minimumSize=,preferredSize=] expected [FourRowSolitaire.Card[,0,0,0x0,invalid,alignmentX=0.0,alignmentY=0.0,border=,flags=0,maximumSize=,minimumSize=,preferredSize=]] but found [FourRowSolitaire.Card[,0,0,0x0,invalid,alignmentX=0.0,alignmentY=0.0,border=,flags=0,maximumSize=,minimumSize=,preferredSize=]]
	at org.testng.Assert.fail(Assert.java:93)
	at org.testng.Assert.failNotEquals(Assert.java:512)
	at org.testng.Assert.assertEqualsImpl(Assert.java:134)
	at org.testng.Assert.assertEquals(Assert.java:115)
	at test.CardTest.equals(CardTest.java:21)
	at sun.reflect.NativeMethodAccessorImpl.invoke0(Native Method)
	at sun.reflect.NativeMethodAccessorImpl.invoke(Unknown Source)
	at sun.reflect.DelegatingMethodAccessorImpl.invoke(Unknown Source)
	at java.lang.reflect.Method.invoke(Unknown Source)
	at org.testng.internal.MethodInvocationHelper.invokeMethod(MethodInvocationHelper.java:108)
	at org.testng.internal.Invoker.invokeMethod(Invoker.java:661)
	at org.testng.internal.Invoker.invokeTestMethod(Invoker.java:869)
	at org.testng.internal.Invoker.invokeTestMethods(Invoker.java:1193)
	at org.testng.internal.TestMethodWorker.invokeTestMethods(TestMethodWorker.java:126)
	at org.testng.internal.TestMethodWorker.run(TestMethodWorker.java:109)
	at org.testng.TestRunner.privateRun(TestRunner.java:744)
	at org.testng.TestRunner.run(TestRunner.java:602)
	at org.testng.SuiteRunner.runTest(SuiteRunner.java:380)
	at org.testng.SuiteRunner.runSequentially(SuiteRunner.java:375)
	at org.testng.SuiteRunner.privateRun(SuiteRunner.java:340)
	at org.testng.SuiteRunner.run(SuiteRunner.java:289)
	at org.testng.SuiteRunnerWorker.runSuite(SuiteRunnerWorker.java:52)
	at org.testng.SuiteRunnerWorker.run(SuiteRunnerWorker.java:86)
	at org.testng.TestNG.runSuitesSequentially(TestNG.java:1301)
	at org.testng.TestNG.runSuitesLocally(TestNG.java:1226)
	at org.testng.TestNG.runSuites(TestNG.java:1144)
	at org.testng.TestNG.run(TestNG.java:1115)
	at org.testng.remote.AbstractRemoteTestNG.run(AbstractRemoteTestNG.java:132)
	at org.testng.remote.RemoteTestNG.initAndRun(RemoteTestNG.java:230)
	at org.testng.remote.RemoteTestNG.main(RemoteTestNG.java:76)
]]>
    </failure>
  </testcase> <!-- equals -->
  <testcase name="equals" time="0.003" classname="test.CardTest">
    <failure type="java.lang.AssertionError" message="Card not .equal() to it&amp;apos;s clone: FourRowSolitaire.Card[,0,0,0x0,invalid,alignmentX=0.0,alignmentY=0.0,border=,flags=0,maximumSize=,minimumSize=,preferredSize=] expected [FourRowSolitaire.Card[,0,0,0x0,invalid,alignmentX=0.0,alignmentY=0.0,border=,flags=0,maximumSize=,minimumSize=,preferredSize=]] but found [FourRowSolitaire.Card[,0,0,0x0,invalid,alignmentX=0.0,alignmentY=0.0,border=,flags=0,maximumSize=,minimumSize=,preferredSize=]]">
      <![CDATA[java.lang.AssertionError: Card not .equal() to it's clone: FourRowSolitaire.Card[,0,0,0x0,invalid,alignmentX=0.0,alignmentY=0.0,border=,flags=0,maximumSize=,minimumSize=,preferredSize=] expected [FourRowSolitaire.Card[,0,0,0x0,invalid,alignmentX=0.0,alignmentY=0.0,border=,flags=0,maximumSize=,minimumSize=,preferredSize=]] but found [FourRowSolitaire.Card[,0,0,0x0,invalid,alignmentX=0.0,alignmentY=0.0,border=,flags=0,maximumSize=,minimumSize=,preferredSize=]]
	at org.testng.Assert.fail(Assert.java:93)
	at org.testng.Assert.failNotEquals(Assert.java:512)
	at org.testng.Assert.assertEqualsImpl(Assert.java:134)
	at org.testng.Assert.assertEquals(Assert.java:115)
	at test.CardTest.equals(CardTest.java:21)
	at sun.reflect.NativeMethodAccessorImpl.invoke0(Native Method)
	at sun.reflect.NativeMethodAccessorImpl.invoke(Unknown Source)
	at sun.reflect.DelegatingMethodAccessorImpl.invoke(Unknown Source)
	at java.lang.reflect.Method.invoke(Unknown Source)
	at org.testng.internal.MethodInvocationHelper.invokeMethod(MethodInvocationHelper.java:108)
	at org.testng.internal.Invoker.invokeMethod(Invoker.java:661)
	at org.testng.internal.Invoker.invokeTestMethod(Invoker.java:869)
	at org.testng.internal.Invoker.invokeTestMethods(Invoker.java:1193)
	at org.testng.internal.TestMethodWorker.invokeTestMethods(TestMethodWorker.java:126)
	at org.testng.internal.TestMethodWorker.run(TestMethodWorker.java:109)
	at org.testng.TestRunner.privateRun(TestRunner.java:744)
	at org.testng.TestRunner.run(TestRunner.java:602)
	at org.testng.SuiteRunner.runTest(SuiteRunner.java:380)
	at org.testng.SuiteRunner.runSequentially(SuiteRunner.java:375)
	at org.testng.SuiteRunner.privateRun(SuiteRunner.java:340)
	at org.testng.SuiteRunner.run(SuiteRunner.java:289)
	at org.testng.SuiteRunnerWorker.runSuite(SuiteRunnerWorker.java:52)
	at org.testng.SuiteRunnerWorker.run(SuiteRunnerWorker.java:86)
	at org.testng.TestNG.runSuitesSequentially(TestNG.java:1301)
	at org.testng.TestNG.runSuitesLocally(TestNG.java:1226)
	at org.testng.TestNG.runSuites(TestNG.java:1144)
	at org.testng.TestNG.run(TestNG.java:1115)
	at org.testng.remote.AbstractRemoteTestNG.run(AbstractRemoteTestNG.java:132)
	at org.testng.remote.RemoteTestNG.initAndRun(RemoteTestNG.java:230)
	at org.testng.remote.RemoteTestNG.main(RemoteTestNG.java:76)
]]>
    </failure>
  </testcase> <!-- equals -->
  <testcase name="equals" time="0.003" classname="test.CardTest">
    <failure type="java.lang.AssertionError" message="Card not .equal() to it&amp;apos;s clone: FourRowSolitaire.Card[,0,0,0x0,invalid,alignmentX=0.0,alignmentY=0.0,border=,flags=0,maximumSize=,minimumSize=,preferredSize=] expected [FourRowSolitaire.Card[,0,0,0x0,invalid,alignmentX=0.0,alignmentY=0.0,border=,flags=0,maximumSize=,minimumSize=,preferredSize=]] but found [FourRowSolitaire.Card[,0,0,0x0,invalid,alignmentX=0.0,alignmentY=0.0,border=,flags=0,maximumSize=,minimumSize=,preferredSize=]]">
      <![CDATA[java.lang.AssertionError: Card not .equal() to it's clone: FourRowSolitaire.Card[,0,0,0x0,invalid,alignmentX=0.0,alignmentY=0.0,border=,flags=0,maximumSize=,minimumSize=,preferredSize=] expected [FourRowSolitaire.Card[,0,0,0x0,invalid,alignmentX=0.0,alignmentY=0.0,border=,flags=0,maximumSize=,minimumSize=,preferredSize=]] but found [FourRowSolitaire.Card[,0,0,0x0,invalid,alignmentX=0.0,alignmentY=0.0,border=,flags=0,maximumSize=,minimumSize=,preferredSize=]]
	at org.testng.Assert.fail(Assert.java:93)
	at org.testng.Assert.failNotEquals(Assert.java:512)
	at org.testng.Assert.assertEqualsImpl(Assert.java:134)
	at org.testng.Assert.assertEquals(Assert.java:115)
	at test.CardTest.equals(CardTest.java:21)
	at sun.reflect.NativeMethodAccessorImpl.invoke0(Native Method)
	at sun.reflect.NativeMethodAccessorImpl.invoke(Unknown Source)
	at sun.reflect.DelegatingMethodAccessorImpl.invoke(Unknown Source)
	at java.lang.reflect.Method.invoke(Unknown Source)
	at org.testng.internal.MethodInvocationHelper.invokeMethod(MethodInvocationHelper.java:108)
	at org.testng.internal.Invoker.invokeMethod(Invoker.java:661)
	at org.testng.internal.Invoker.invokeTestMethod(Invoker.java:869)
	at org.testng.internal.Invoker.invokeTestMethods(Invoker.java:1193)
	at org.testng.internal.TestMethodWorker.invokeTestMethods(TestMethodWorker.java:126)
	at org.testng.internal.TestMethodWorker.run(TestMethodWorker.java:109)
	at org.testng.TestRunner.privateRun(TestRunner.java:744)
	at org.testng.TestRunner.run(TestRunner.java:602)
	at org.testng.SuiteRunner.runTest(SuiteRunner.java:380)
	at org.testng.SuiteRunner.runSequentially(SuiteRunner.java:375)
	at org.testng.SuiteRunner.privateRun(SuiteRunner.java:340)
	at org.testng.SuiteRunner.run(SuiteRunner.java:289)
	at org.testng.SuiteRunnerWorker.runSuite(SuiteRunnerWorker.java:52)
	at org.testng.SuiteRunnerWorker.run(SuiteRunnerWorker.java:86)
	at org.testng.TestNG.runSuitesSequentially(TestNG.java:1301)
	at org.testng.TestNG.runSuitesLocally(TestNG.java:1226)
	at org.testng.TestNG.runSuites(TestNG.java:1144)
	at org.testng.TestNG.run(TestNG.java:1115)
	at org.testng.remote.AbstractRemoteTestNG.run(AbstractRemoteTestNG.java:132)
	at org.testng.remote.RemoteTestNG.initAndRun(RemoteTestNG.java:230)
	at org.testng.remote.RemoteTestNG.main(RemoteTestNG.java:76)
]]>
    </failure>
  </testcase> <!-- equals -->
  <testcase name="equals" time="0.003" classname="test.CardTest">
    <failure type="java.lang.AssertionError" message="Card not .equal() to it&amp;apos;s clone: FourRowSolitaire.Card[,0,0,0x0,invalid,alignmentX=0.0,alignmentY=0.0,border=,flags=0,maximumSize=,minimumSize=,preferredSize=] expected [FourRowSolitaire.Card[,0,0,0x0,invalid,alignmentX=0.0,alignmentY=0.0,border=,flags=0,maximumSize=,minimumSize=,preferredSize=]] but found [FourRowSolitaire.Card[,0,0,0x0,invalid,alignmentX=0.0,alignmentY=0.0,border=,flags=0,maximumSize=,minimumSize=,preferredSize=]]">
      <![CDATA[java.lang.AssertionError: Card not .equal() to it's clone: FourRowSolitaire.Card[,0,0,0x0,invalid,alignmentX=0.0,alignmentY=0.0,border=,flags=0,maximumSize=,minimumSize=,preferredSize=] expected [FourRowSolitaire.Card[,0,0,0x0,invalid,alignmentX=0.0,alignmentY=0.0,border=,flags=0,maximumSize=,minimumSize=,preferredSize=]] but found [FourRowSolitaire.Card[,0,0,0x0,invalid,alignmentX=0.0,alignmentY=0.0,border=,flags=0,maximumSize=,minimumSize=,preferredSize=]]
	at org.testng.Assert.fail(Assert.java:93)
	at org.testng.Assert.failNotEquals(Assert.java:512)
	at org.testng.Assert.assertEqualsImpl(Assert.java:134)
	at org.testng.Assert.assertEquals(Assert.java:115)
	at test.CardTest.equals(CardTest.java:21)
	at sun.reflect.NativeMethodAccessorImpl.invoke0(Native Method)
	at sun.reflect.NativeMethodAccessorImpl.invoke(Unknown Source)
	at sun.reflect.DelegatingMethodAccessorImpl.invoke(Unknown Source)
	at java.lang.reflect.Method.invoke(Unknown Source)
	at org.testng.internal.MethodInvocationHelper.invokeMethod(MethodInvocationHelper.java:108)
	at org.testng.internal.Invoker.invokeMethod(Invoker.java:661)
	at org.testng.internal.Invoker.invokeTestMethod(Invoker.java:869)
	at org.testng.internal.Invoker.invokeTestMethods(Invoker.java:1193)
	at org.testng.internal.TestMethodWorker.invokeTestMethods(TestMethodWorker.java:126)
	at org.testng.internal.TestMethodWorker.run(TestMethodWorker.java:109)
	at org.testng.TestRunner.privateRun(TestRunner.java:744)
	at org.testng.TestRunner.run(TestRunner.java:602)
	at org.testng.SuiteRunner.runTest(SuiteRunner.java:380)
	at org.testng.SuiteRunner.runSequentially(SuiteRunner.java:375)
	at org.testng.SuiteRunner.privateRun(SuiteRunner.java:340)
	at org.testng.SuiteRunner.run(SuiteRunner.java:289)
	at org.testng.SuiteRunnerWorker.runSuite(SuiteRunnerWorker.java:52)
	at org.testng.SuiteRunnerWorker.run(SuiteRunnerWorker.java:86)
	at org.testng.TestNG.runSuitesSequentially(TestNG.java:1301)
	at org.testng.TestNG.runSuitesLocally(TestNG.java:1226)
	at org.testng.TestNG.runSuites(TestNG.java:1144)
	at org.testng.TestNG.run(TestNG.java:1115)
	at org.testng.remote.AbstractRemoteTestNG.run(AbstractRemoteTestNG.java:132)
	at org.testng.remote.RemoteTestNG.initAndRun(RemoteTestNG.java:230)
	at org.testng.remote.RemoteTestNG.main(RemoteTestNG.java:76)
]]>
    </failure>
  </testcase> <!-- equals -->
  <testcase name="equals" time="0.003" classname="test.CardTest">
    <failure type="java.lang.AssertionError" message="Card not .equal() to it&amp;apos;s clone: FourRowSolitaire.Card[,0,0,0x0,invalid,alignmentX=0.0,alignmentY=0.0,border=,flags=0,maximumSize=,minimumSize=,preferredSize=] expected [FourRowSolitaire.Card[,0,0,0x0,invalid,alignmentX=0.0,alignmentY=0.0,border=,flags=0,maximumSize=,minimumSize=,preferredSize=]] but found [FourRowSolitaire.Card[,0,0,0x0,invalid,alignmentX=0.0,alignmentY=0.0,border=,flags=0,maximumSize=,minimumSize=,preferredSize=]]">
      <![CDATA[java.lang.AssertionError: Card not .equal() to it's clone: FourRowSolitaire.Card[,0,0,0x0,invalid,alignmentX=0.0,alignmentY=0.0,border=,flags=0,maximumSize=,minimumSize=,preferredSize=] expected [FourRowSolitaire.Card[,0,0,0x0,invalid,alignmentX=0.0,alignmentY=0.0,border=,flags=0,maximumSize=,minimumSize=,preferredSize=]] but found [FourRowSolitaire.Card[,0,0,0x0,invalid,alignmentX=0.0,alignmentY=0.0,border=,flags=0,maximumSize=,minimumSize=,preferredSize=]]
	at org.testng.Assert.fail(Assert.java:93)
	at org.testng.Assert.failNotEquals(Assert.java:512)
	at org.testng.Assert.assertEqualsImpl(Assert.java:134)
	at org.testng.Assert.assertEquals(Assert.java:115)
	at test.CardTest.equals(CardTest.java:21)
	at sun.reflect.NativeMethodAccessorImpl.invoke0(Native Method)
	at sun.reflect.NativeMethodAccessorImpl.invoke(Unknown Source)
	at sun.reflect.DelegatingMethodAccessorImpl.invoke(Unknown Source)
	at java.lang.reflect.Method.invoke(Unknown Source)
	at org.testng.internal.MethodInvocationHelper.invokeMethod(MethodInvocationHelper.java:108)
	at org.testng.internal.Invoker.invokeMethod(Invoker.java:661)
	at org.testng.internal.Invoker.invokeTestMethod(Invoker.java:869)
	at org.testng.internal.Invoker.invokeTestMethods(Invoker.java:1193)
	at org.testng.internal.TestMethodWorker.invokeTestMethods(TestMethodWorker.java:126)
	at org.testng.internal.TestMethodWorker.run(TestMethodWorker.java:109)
	at org.testng.TestRunner.privateRun(TestRunner.java:744)
	at org.testng.TestRunner.run(TestRunner.java:602)
	at org.testng.SuiteRunner.runTest(SuiteRunner.java:380)
	at org.testng.SuiteRunner.runSequentially(SuiteRunner.java:375)
	at org.testng.SuiteRunner.privateRun(SuiteRunner.java:340)
	at org.testng.SuiteRunner.run(SuiteRunner.java:289)
	at org.testng.SuiteRunnerWorker.runSuite(SuiteRunnerWorker.java:52)
	at org.testng.SuiteRunnerWorker.run(SuiteRunnerWorker.java:86)
	at org.testng.TestNG.runSuitesSequentially(TestNG.java:1301)
	at org.testng.TestNG.runSuitesLocally(TestNG.java:1226)
	at org.testng.TestNG.runSuites(TestNG.java:1144)
	at org.testng.TestNG.run(TestNG.java:1115)
	at org.testng.remote.AbstractRemoteTestNG.run(AbstractRemoteTestNG.java:132)
	at org.testng.remote.RemoteTestNG.initAndRun(RemoteTestNG.java:230)
	at org.testng.remote.RemoteTestNG.main(RemoteTestNG.java:76)
]]>
    </failure>
  </testcase> <!-- equals -->
  <testcase name="equals" time="0.003" classname="test.CardTest">
    <failure type="java.lang.AssertionError" message="Card not .equal() to it&amp;apos;s clone: FourRowSolitaire.Card[,0,0,0x0,invalid,alignmentX=0.0,alignmentY=0.0,border=,flags=0,maximumSize=,minimumSize=,preferredSize=] expected [FourRowSolitaire.Card[,0,0,0x0,invalid,alignmentX=0.0,alignmentY=0.0,border=,flags=0,maximumSize=,minimumSize=,preferredSize=]] but found [FourRowSolitaire.Card[,0,0,0x0,invalid,alignmentX=0.0,alignmentY=0.0,border=,flags=0,maximumSize=,minimumSize=,preferredSize=]]">
      <![CDATA[java.lang.AssertionError: Card not .equal() to it's clone: FourRowSolitaire.Card[,0,0,0x0,invalid,alignmentX=0.0,alignmentY=0.0,border=,flags=0,maximumSize=,minimumSize=,preferredSize=] expected [FourRowSolitaire.Card[,0,0,0x0,invalid,alignmentX=0.0,alignmentY=0.0,border=,flags=0,maximumSize=,minimumSize=,preferredSize=]] but found [FourRowSolitaire.Card[,0,0,0x0,invalid,alignmentX=0.0,alignmentY=0.0,border=,flags=0,maximumSize=,minimumSize=,preferredSize=]]
	at org.testng.Assert.fail(Assert.java:93)
	at org.testng.Assert.failNotEquals(Assert.java:512)
	at org.testng.Assert.assertEqualsImpl(Assert.java:134)
	at org.testng.Assert.assertEquals(Assert.java:115)
	at test.CardTest.equals(CardTest.java:21)
	at sun.reflect.NativeMethodAccessorImpl.invoke0(Native Method)
	at sun.reflect.NativeMethodAccessorImpl.invoke(Unknown Source)
	at sun.reflect.DelegatingMethodAccessorImpl.invoke(Unknown Source)
	at java.lang.reflect.Method.invoke(Unknown Source)
	at org.testng.internal.MethodInvocationHelper.invokeMethod(MethodInvocationHelper.java:108)
	at org.testng.internal.Invoker.invokeMethod(Invoker.java:661)
	at org.testng.internal.Invoker.invokeTestMethod(Invoker.java:869)
	at org.testng.internal.Invoker.invokeTestMethods(Invoker.java:1193)
	at org.testng.internal.TestMethodWorker.invokeTestMethods(TestMethodWorker.java:126)
	at org.testng.internal.TestMethodWorker.run(TestMethodWorker.java:109)
	at org.testng.TestRunner.privateRun(TestRunner.java:744)
	at org.testng.TestRunner.run(TestRunner.java:602)
	at org.testng.SuiteRunner.runTest(SuiteRunner.java:380)
	at org.testng.SuiteRunner.runSequentially(SuiteRunner.java:375)
	at org.testng.SuiteRunner.privateRun(SuiteRunner.java:340)
	at org.testng.SuiteRunner.run(SuiteRunner.java:289)
	at org.testng.SuiteRunnerWorker.runSuite(SuiteRunnerWorker.java:52)
	at org.testng.SuiteRunnerWorker.run(SuiteRunnerWorker.java:86)
	at org.testng.TestNG.runSuitesSequentially(TestNG.java:1301)
	at org.testng.TestNG.runSuitesLocally(TestNG.java:1226)
	at org.testng.TestNG.runSuites(TestNG.java:1144)
	at org.testng.TestNG.run(TestNG.java:1115)
	at org.testng.remote.AbstractRemoteTestNG.run(AbstractRemoteTestNG.java:132)
	at org.testng.remote.RemoteTestNG.initAndRun(RemoteTestNG.java:230)
	at org.testng.remote.RemoteTestNG.main(RemoteTestNG.java:76)
]]>
    </failure>
  </testcase> <!-- equals -->
  <testcase name="equals" time="0.003" classname="test.CardTest">
    <failure type="java.lang.AssertionError" message="Card not .equal() to it&amp;apos;s clone: FourRowSolitaire.Card[,0,0,0x0,invalid,alignmentX=0.0,alignmentY=0.0,border=,flags=0,maximumSize=,minimumSize=,preferredSize=] expected [FourRowSolitaire.Card[,0,0,0x0,invalid,alignmentX=0.0,alignmentY=0.0,border=,flags=0,maximumSize=,minimumSize=,preferredSize=]] but found [FourRowSolitaire.Card[,0,0,0x0,invalid,alignmentX=0.0,alignmentY=0.0,border=,flags=0,maximumSize=,minimumSize=,preferredSize=]]">
      <![CDATA[java.lang.AssertionError: Card not .equal() to it's clone: FourRowSolitaire.Card[,0,0,0x0,invalid,alignmentX=0.0,alignmentY=0.0,border=,flags=0,maximumSize=,minimumSize=,preferredSize=] expected [FourRowSolitaire.Card[,0,0,0x0,invalid,alignmentX=0.0,alignmentY=0.0,border=,flags=0,maximumSize=,minimumSize=,preferredSize=]] but found [FourRowSolitaire.Card[,0,0,0x0,invalid,alignmentX=0.0,alignmentY=0.0,border=,flags=0,maximumSize=,minimumSize=,preferredSize=]]
	at org.testng.Assert.fail(Assert.java:93)
	at org.testng.Assert.failNotEquals(Assert.java:512)
	at org.testng.Assert.assertEqualsImpl(Assert.java:134)
	at org.testng.Assert.assertEquals(Assert.java:115)
	at test.CardTest.equals(CardTest.java:21)
	at sun.reflect.NativeMethodAccessorImpl.invoke0(Native Method)
	at sun.reflect.NativeMethodAccessorImpl.invoke(Unknown Source)
	at sun.reflect.DelegatingMethodAccessorImpl.invoke(Unknown Source)
	at java.lang.reflect.Method.invoke(Unknown Source)
	at org.testng.internal.MethodInvocationHelper.invokeMethod(MethodInvocationHelper.java:108)
	at org.testng.internal.Invoker.invokeMethod(Invoker.java:661)
	at org.testng.internal.Invoker.invokeTestMethod(Invoker.java:869)
	at org.testng.internal.Invoker.invokeTestMethods(Invoker.java:1193)
	at org.testng.internal.TestMethodWorker.invokeTestMethods(TestMethodWorker.java:126)
	at org.testng.internal.TestMethodWorker.run(TestMethodWorker.java:109)
	at org.testng.TestRunner.privateRun(TestRunner.java:744)
	at org.testng.TestRunner.run(TestRunner.java:602)
	at org.testng.SuiteRunner.runTest(SuiteRunner.java:380)
	at org.testng.SuiteRunner.runSequentially(SuiteRunner.java:375)
	at org.testng.SuiteRunner.privateRun(SuiteRunner.java:340)
	at org.testng.SuiteRunner.run(SuiteRunner.java:289)
	at org.testng.SuiteRunnerWorker.runSuite(SuiteRunnerWorker.java:52)
	at org.testng.SuiteRunnerWorker.run(SuiteRunnerWorker.java:86)
	at org.testng.TestNG.runSuitesSequentially(TestNG.java:1301)
	at org.testng.TestNG.runSuitesLocally(TestNG.java:1226)
	at org.testng.TestNG.runSuites(TestNG.java:1144)
	at org.testng.TestNG.run(TestNG.java:1115)
	at org.testng.remote.AbstractRemoteTestNG.run(AbstractRemoteTestNG.java:132)
	at org.testng.remote.RemoteTestNG.initAndRun(RemoteTestNG.java:230)
	at org.testng.remote.RemoteTestNG.main(RemoteTestNG.java:76)
]]>
    </failure>
  </testcase> <!-- equals -->
  <testcase name="equals" time="0.003" classname="test.CardTest">
    <failure type="java.lang.AssertionError" message="Card not .equal() to it&amp;apos;s clone: FourRowSolitaire.Card[,0,0,0x0,invalid,alignmentX=0.0,alignmentY=0.0,border=,flags=0,maximumSize=,minimumSize=,preferredSize=] expected [FourRowSolitaire.Card[,0,0,0x0,invalid,alignmentX=0.0,alignmentY=0.0,border=,flags=0,maximumSize=,minimumSize=,preferredSize=]] but found [FourRowSolitaire.Card[,0,0,0x0,invalid,alignmentX=0.0,alignmentY=0.0,border=,flags=0,maximumSize=,minimumSize=,preferredSize=]]">
      <![CDATA[java.lang.AssertionError: Card not .equal() to it's clone: FourRowSolitaire.Card[,0,0,0x0,invalid,alignmentX=0.0,alignmentY=0.0,border=,flags=0,maximumSize=,minimumSize=,preferredSize=] expected [FourRowSolitaire.Card[,0,0,0x0,invalid,alignmentX=0.0,alignmentY=0.0,border=,flags=0,maximumSize=,minimumSize=,preferredSize=]] but found [FourRowSolitaire.Card[,0,0,0x0,invalid,alignmentX=0.0,alignmentY=0.0,border=,flags=0,maximumSize=,minimumSize=,preferredSize=]]
	at org.testng.Assert.fail(Assert.java:93)
	at org.testng.Assert.failNotEquals(Assert.java:512)
	at org.testng.Assert.assertEqualsImpl(Assert.java:134)
	at org.testng.Assert.assertEquals(Assert.java:115)
	at test.CardTest.equals(CardTest.java:21)
	at sun.reflect.NativeMethodAccessorImpl.invoke0(Native Method)
	at sun.reflect.NativeMethodAccessorImpl.invoke(Unknown Source)
	at sun.reflect.DelegatingMethodAccessorImpl.invoke(Unknown Source)
	at java.lang.reflect.Method.invoke(Unknown Source)
	at org.testng.internal.MethodInvocationHelper.invokeMethod(MethodInvocationHelper.java:108)
	at org.testng.internal.Invoker.invokeMethod(Invoker.java:661)
	at org.testng.internal.Invoker.invokeTestMethod(Invoker.java:869)
	at org.testng.internal.Invoker.invokeTestMethods(Invoker.java:1193)
	at org.testng.internal.TestMethodWorker.invokeTestMethods(TestMethodWorker.java:126)
	at org.testng.internal.TestMethodWorker.run(TestMethodWorker.java:109)
	at org.testng.TestRunner.privateRun(TestRunner.java:744)
	at org.testng.TestRunner.run(TestRunner.java:602)
	at org.testng.SuiteRunner.runTest(SuiteRunner.java:380)
	at org.testng.SuiteRunner.runSequentially(SuiteRunner.java:375)
	at org.testng.SuiteRunner.privateRun(SuiteRunner.java:340)
	at org.testng.SuiteRunner.run(SuiteRunner.java:289)
	at org.testng.SuiteRunnerWorker.runSuite(SuiteRunnerWorker.java:52)
	at org.testng.SuiteRunnerWorker.run(SuiteRunnerWorker.java:86)
	at org.testng.TestNG.runSuitesSequentially(TestNG.java:1301)
	at org.testng.TestNG.runSuitesLocally(TestNG.java:1226)
	at org.testng.TestNG.runSuites(TestNG.java:1144)
	at org.testng.TestNG.run(TestNG.java:1115)
	at org.testng.remote.AbstractRemoteTestNG.run(AbstractRemoteTestNG.java:132)
	at org.testng.remote.RemoteTestNG.initAndRun(RemoteTestNG.java:230)
	at org.testng.remote.RemoteTestNG.main(RemoteTestNG.java:76)
]]>
    </failure>
  </testcase> <!-- equals -->
  <testcase name="equals" time="0.003" classname="test.CardTest">
    <failure type="java.lang.AssertionError" message="Card not .equal() to it&amp;apos;s clone: FourRowSolitaire.Card[,0,0,0x0,invalid,alignmentX=0.0,alignmentY=0.0,border=,flags=0,maximumSize=,minimumSize=,preferredSize=] expected [FourRowSolitaire.Card[,0,0,0x0,invalid,alignmentX=0.0,alignmentY=0.0,border=,flags=0,maximumSize=,minimumSize=,preferredSize=]] but found [FourRowSolitaire.Card[,0,0,0x0,invalid,alignmentX=0.0,alignmentY=0.0,border=,flags=0,maximumSize=,minimumSize=,preferredSize=]]">
      <![CDATA[java.lang.AssertionError: Card not .equal() to it's clone: FourRowSolitaire.Card[,0,0,0x0,invalid,alignmentX=0.0,alignmentY=0.0,border=,flags=0,maximumSize=,minimumSize=,preferredSize=] expected [FourRowSolitaire.Card[,0,0,0x0,invalid,alignmentX=0.0,alignmentY=0.0,border=,flags=0,maximumSize=,minimumSize=,preferredSize=]] but found [FourRowSolitaire.Card[,0,0,0x0,invalid,alignmentX=0.0,alignmentY=0.0,border=,flags=0,maximumSize=,minimumSize=,preferredSize=]]
	at org.testng.Assert.fail(Assert.java:93)
	at org.testng.Assert.failNotEquals(Assert.java:512)
	at org.testng.Assert.assertEqualsImpl(Assert.java:134)
	at org.testng.Assert.assertEquals(Assert.java:115)
	at test.CardTest.equals(CardTest.java:21)
	at sun.reflect.NativeMethodAccessorImpl.invoke0(Native Method)
	at sun.reflect.NativeMethodAccessorImpl.invoke(Unknown Source)
	at sun.reflect.DelegatingMethodAccessorImpl.invoke(Unknown Source)
	at java.lang.reflect.Method.invoke(Unknown Source)
	at org.testng.internal.MethodInvocationHelper.invokeMethod(MethodInvocationHelper.java:108)
	at org.testng.internal.Invoker.invokeMethod(Invoker.java:661)
	at org.testng.internal.Invoker.invokeTestMethod(Invoker.java:869)
	at org.testng.internal.Invoker.invokeTestMethods(Invoker.java:1193)
	at org.testng.internal.TestMethodWorker.invokeTestMethods(TestMethodWorker.java:126)
	at org.testng.internal.TestMethodWorker.run(TestMethodWorker.java:109)
	at org.testng.TestRunner.privateRun(TestRunner.java:744)
	at org.testng.TestRunner.run(TestRunner.java:602)
	at org.testng.SuiteRunner.runTest(SuiteRunner.java:380)
	at org.testng.SuiteRunner.runSequentially(SuiteRunner.java:375)
	at org.testng.SuiteRunner.privateRun(SuiteRunner.java:340)
	at org.testng.SuiteRunner.run(SuiteRunner.java:289)
	at org.testng.SuiteRunnerWorker.runSuite(SuiteRunnerWorker.java:52)
	at org.testng.SuiteRunnerWorker.run(SuiteRunnerWorker.java:86)
	at org.testng.TestNG.runSuitesSequentially(TestNG.java:1301)
	at org.testng.TestNG.runSuitesLocally(TestNG.java:1226)
	at org.testng.TestNG.runSuites(TestNG.java:1144)
	at org.testng.TestNG.run(TestNG.java:1115)
	at org.testng.remote.AbstractRemoteTestNG.run(AbstractRemoteTestNG.java:132)
	at org.testng.remote.RemoteTestNG.initAndRun(RemoteTestNG.java:230)
	at org.testng.remote.RemoteTestNG.main(RemoteTestNG.java:76)
]]>
    </failure>
  </testcase> <!-- equals -->
  <testcase name="equals" time="0.003" classname="test.CardTest">
    <failure type="java.lang.AssertionError" message="Card not .equal() to it&amp;apos;s clone: FourRowSolitaire.Card[,0,0,0x0,invalid,alignmentX=0.0,alignmentY=0.0,border=,flags=0,maximumSize=,minimumSize=,preferredSize=] expected [FourRowSolitaire.Card[,0,0,0x0,invalid,alignmentX=0.0,alignmentY=0.0,border=,flags=0,maximumSize=,minimumSize=,preferredSize=]] but found [FourRowSolitaire.Card[,0,0,0x0,invalid,alignmentX=0.0,alignmentY=0.0,border=,flags=0,maximumSize=,minimumSize=,preferredSize=]]">
      <![CDATA[java.lang.AssertionError: Card not .equal() to it's clone: FourRowSolitaire.Card[,0,0,0x0,invalid,alignmentX=0.0,alignmentY=0.0,border=,flags=0,maximumSize=,minimumSize=,preferredSize=] expected [FourRowSolitaire.Card[,0,0,0x0,invalid,alignmentX=0.0,alignmentY=0.0,border=,flags=0,maximumSize=,minimumSize=,preferredSize=]] but found [FourRowSolitaire.Card[,0,0,0x0,invalid,alignmentX=0.0,alignmentY=0.0,border=,flags=0,maximumSize=,minimumSize=,preferredSize=]]
	at org.testng.Assert.fail(Assert.java:93)
	at org.testng.Assert.failNotEquals(Assert.java:512)
	at org.testng.Assert.assertEqualsImpl(Assert.java:134)
	at org.testng.Assert.assertEquals(Assert.java:115)
	at test.CardTest.equals(CardTest.java:21)
	at sun.reflect.NativeMethodAccessorImpl.invoke0(Native Method)
	at sun.reflect.NativeMethodAccessorImpl.invoke(Unknown Source)
	at sun.reflect.DelegatingMethodAccessorImpl.invoke(Unknown Source)
	at java.lang.reflect.Method.invoke(Unknown Source)
	at org.testng.internal.MethodInvocationHelper.invokeMethod(MethodInvocationHelper.java:108)
	at org.testng.internal.Invoker.invokeMethod(Invoker.java:661)
	at org.testng.internal.Invoker.invokeTestMethod(Invoker.java:869)
	at org.testng.internal.Invoker.invokeTestMethods(Invoker.java:1193)
	at org.testng.internal.TestMethodWorker.invokeTestMethods(TestMethodWorker.java:126)
	at org.testng.internal.TestMethodWorker.run(TestMethodWorker.java:109)
	at org.testng.TestRunner.privateRun(TestRunner.java:744)
	at org.testng.TestRunner.run(TestRunner.java:602)
	at org.testng.SuiteRunner.runTest(SuiteRunner.java:380)
	at org.testng.SuiteRunner.runSequentially(SuiteRunner.java:375)
	at org.testng.SuiteRunner.privateRun(SuiteRunner.java:340)
	at org.testng.SuiteRunner.run(SuiteRunner.java:289)
	at org.testng.SuiteRunnerWorker.runSuite(SuiteRunnerWorker.java:52)
	at org.testng.SuiteRunnerWorker.run(SuiteRunnerWorker.java:86)
	at org.testng.TestNG.runSuitesSequentially(TestNG.java:1301)
	at org.testng.TestNG.runSuitesLocally(TestNG.java:1226)
	at org.testng.TestNG.runSuites(TestNG.java:1144)
	at org.testng.TestNG.run(TestNG.java:1115)
	at org.testng.remote.AbstractRemoteTestNG.run(AbstractRemoteTestNG.java:132)
	at org.testng.remote.RemoteTestNG.initAndRun(RemoteTestNG.java:230)
	at org.testng.remote.RemoteTestNG.main(RemoteTestNG.java:76)
]]>
    </failure>
  </testcase> <!-- equals -->
  <testcase name="equals" time="0.003" classname="test.CardTest">
    <failure type="java.lang.AssertionError" message="Card not .equal() to it&amp;apos;s clone: FourRowSolitaire.Card[,0,0,0x0,invalid,alignmentX=0.0,alignmentY=0.0,border=,flags=0,maximumSize=,minimumSize=,preferredSize=] expected [FourRowSolitaire.Card[,0,0,0x0,invalid,alignmentX=0.0,alignmentY=0.0,border=,flags=0,maximumSize=,minimumSize=,preferredSize=]] but found [FourRowSolitaire.Card[,0,0,0x0,invalid,alignmentX=0.0,alignmentY=0.0,border=,flags=0,maximumSize=,minimumSize=,preferredSize=]]">
      <![CDATA[java.lang.AssertionError: Card not .equal() to it's clone: FourRowSolitaire.Card[,0,0,0x0,invalid,alignmentX=0.0,alignmentY=0.0,border=,flags=0,maximumSize=,minimumSize=,preferredSize=] expected [FourRowSolitaire.Card[,0,0,0x0,invalid,alignmentX=0.0,alignmentY=0.0,border=,flags=0,maximumSize=,minimumSize=,preferredSize=]] but found [FourRowSolitaire.Card[,0,0,0x0,invalid,alignmentX=0.0,alignmentY=0.0,border=,flags=0,maximumSize=,minimumSize=,preferredSize=]]
	at org.testng.Assert.fail(Assert.java:93)
	at org.testng.Assert.failNotEquals(Assert.java:512)
	at org.testng.Assert.assertEqualsImpl(Assert.java:134)
	at org.testng.Assert.assertEquals(Assert.java:115)
	at test.CardTest.equals(CardTest.java:21)
	at sun.reflect.GeneratedMethodAccessor2.invoke(Unknown Source)
	at sun.reflect.DelegatingMethodAccessorImpl.invoke(Unknown Source)
	at java.lang.reflect.Method.invoke(Unknown Source)
	at org.testng.internal.MethodInvocationHelper.invokeMethod(MethodInvocationHelper.java:108)
	at org.testng.internal.Invoker.invokeMethod(Invoker.java:661)
	at org.testng.internal.Invoker.invokeTestMethod(Invoker.java:869)
	at org.testng.internal.Invoker.invokeTestMethods(Invoker.java:1193)
	at org.testng.internal.TestMethodWorker.invokeTestMethods(TestMethodWorker.java:126)
	at org.testng.internal.TestMethodWorker.run(TestMethodWorker.java:109)
	at org.testng.TestRunner.privateRun(TestRunner.java:744)
	at org.testng.TestRunner.run(TestRunner.java:602)
	at org.testng.SuiteRunner.runTest(SuiteRunner.java:380)
	at org.testng.SuiteRunner.runSequentially(SuiteRunner.java:375)
	at org.testng.SuiteRunner.privateRun(SuiteRunner.java:340)
	at org.testng.SuiteRunner.run(SuiteRunner.java:289)
	at org.testng.SuiteRunnerWorker.runSuite(SuiteRunnerWorker.java:52)
	at org.testng.SuiteRunnerWorker.run(SuiteRunnerWorker.java:86)
	at org.testng.TestNG.runSuitesSequentially(TestNG.java:1301)
	at org.testng.TestNG.runSuitesLocally(TestNG.java:1226)
	at org.testng.TestNG.runSuites(TestNG.java:1144)
	at org.testng.TestNG.run(TestNG.java:1115)
	at org.testng.remote.AbstractRemoteTestNG.run(AbstractRemoteTestNG.java:132)
	at org.testng.remote.RemoteTestNG.initAndRun(RemoteTestNG.java:230)
	at org.testng.remote.RemoteTestNG.main(RemoteTestNG.java:76)
]]>
    </failure>
  </testcase> <!-- equals -->
  <testcase name="equals" time="0.004" classname="test.CardTest">
    <failure type="java.lang.AssertionError" message="Card not .equal() to it&amp;apos;s clone: FourRowSolitaire.Card[,0,0,0x0,invalid,alignmentX=0.0,alignmentY=0.0,border=,flags=0,maximumSize=,minimumSize=,preferredSize=] expected [FourRowSolitaire.Card[,0,0,0x0,invalid,alignmentX=0.0,alignmentY=0.0,border=,flags=0,maximumSize=,minimumSize=,preferredSize=]] but found [FourRowSolitaire.Card[,0,0,0x0,invalid,alignmentX=0.0,alignmentY=0.0,border=,flags=0,maximumSize=,minimumSize=,preferredSize=]]">
      <![CDATA[java.lang.AssertionError: Card not .equal() to it's clone: FourRowSolitaire.Card[,0,0,0x0,invalid,alignmentX=0.0,alignmentY=0.0,border=,flags=0,maximumSize=,minimumSize=,preferredSize=] expected [FourRowSolitaire.Card[,0,0,0x0,invalid,alignmentX=0.0,alignmentY=0.0,border=,flags=0,maximumSize=,minimumSize=,preferredSize=]] but found [FourRowSolitaire.Card[,0,0,0x0,invalid,alignmentX=0.0,alignmentY=0.0,border=,flags=0,maximumSize=,minimumSize=,preferredSize=]]
	at org.testng.Assert.fail(Assert.java:93)
	at org.testng.Assert.failNotEquals(Assert.java:512)
	at org.testng.Assert.assertEqualsImpl(Assert.java:134)
	at org.testng.Assert.assertEquals(Assert.java:115)
	at test.CardTest.equals(CardTest.java:21)
	at sun.reflect.GeneratedMethodAccessor2.invoke(Unknown Source)
	at sun.reflect.DelegatingMethodAccessorImpl.invoke(Unknown Source)
	at java.lang.reflect.Method.invoke(Unknown Source)
	at org.testng.internal.MethodInvocationHelper.invokeMethod(MethodInvocationHelper.java:108)
	at org.testng.internal.Invoker.invokeMethod(Invoker.java:661)
	at org.testng.internal.Invoker.invokeTestMethod(Invoker.java:869)
	at org.testng.internal.Invoker.invokeTestMethods(Invoker.java:1193)
	at org.testng.internal.TestMethodWorker.invokeTestMethods(TestMethodWorker.java:126)
	at org.testng.internal.TestMethodWorker.run(TestMethodWorker.java:109)
	at org.testng.TestRunner.privateRun(TestRunner.java:744)
	at org.testng.TestRunner.run(TestRunner.java:602)
	at org.testng.SuiteRunner.runTest(SuiteRunner.java:380)
	at org.testng.SuiteRunner.runSequentially(SuiteRunner.java:375)
	at org.testng.SuiteRunner.privateRun(SuiteRunner.java:340)
	at org.testng.SuiteRunner.run(SuiteRunner.java:289)
	at org.testng.SuiteRunnerWorker.runSuite(SuiteRunnerWorker.java:52)
	at org.testng.SuiteRunnerWorker.run(SuiteRunnerWorker.java:86)
	at org.testng.TestNG.runSuitesSequentially(TestNG.java:1301)
	at org.testng.TestNG.runSuitesLocally(TestNG.java:1226)
	at org.testng.TestNG.runSuites(TestNG.java:1144)
	at org.testng.TestNG.run(TestNG.java:1115)
	at org.testng.remote.AbstractRemoteTestNG.run(AbstractRemoteTestNG.java:132)
	at org.testng.remote.RemoteTestNG.initAndRun(RemoteTestNG.java:230)
	at org.testng.remote.RemoteTestNG.main(RemoteTestNG.java:76)
]]>
    </failure>
  </testcase> <!-- equals -->
  <testcase name="equals" time="0.003" classname="test.CardTest">
    <failure type="java.lang.AssertionError" message="Card not .equal() to it&amp;apos;s clone: FourRowSolitaire.Card[,0,0,0x0,invalid,alignmentX=0.0,alignmentY=0.0,border=,flags=0,maximumSize=,minimumSize=,preferredSize=] expected [FourRowSolitaire.Card[,0,0,0x0,invalid,alignmentX=0.0,alignmentY=0.0,border=,flags=0,maximumSize=,minimumSize=,preferredSize=]] but found [FourRowSolitaire.Card[,0,0,0x0,invalid,alignmentX=0.0,alignmentY=0.0,border=,flags=0,maximumSize=,minimumSize=,preferredSize=]]">
      <![CDATA[java.lang.AssertionError: Card not .equal() to it's clone: FourRowSolitaire.Card[,0,0,0x0,invalid,alignmentX=0.0,alignmentY=0.0,border=,flags=0,maximumSize=,minimumSize=,preferredSize=] expected [FourRowSolitaire.Card[,0,0,0x0,invalid,alignmentX=0.0,alignmentY=0.0,border=,flags=0,maximumSize=,minimumSize=,preferredSize=]] but found [FourRowSolitaire.Card[,0,0,0x0,invalid,alignmentX=0.0,alignmentY=0.0,border=,flags=0,maximumSize=,minimumSize=,preferredSize=]]
	at org.testng.Assert.fail(Assert.java:93)
	at org.testng.Assert.failNotEquals(Assert.java:512)
	at org.testng.Assert.assertEqualsImpl(Assert.java:134)
	at org.testng.Assert.assertEquals(Assert.java:115)
	at test.CardTest.equals(CardTest.java:21)
	at sun.reflect.GeneratedMethodAccessor2.invoke(Unknown Source)
	at sun.reflect.DelegatingMethodAccessorImpl.invoke(Unknown Source)
	at java.lang.reflect.Method.invoke(Unknown Source)
	at org.testng.internal.MethodInvocationHelper.invokeMethod(MethodInvocationHelper.java:108)
	at org.testng.internal.Invoker.invokeMethod(Invoker.java:661)
	at org.testng.internal.Invoker.invokeTestMethod(Invoker.java:869)
	at org.testng.internal.Invoker.invokeTestMethods(Invoker.java:1193)
	at org.testng.internal.TestMethodWorker.invokeTestMethods(TestMethodWorker.java:126)
	at org.testng.internal.TestMethodWorker.run(TestMethodWorker.java:109)
	at org.testng.TestRunner.privateRun(TestRunner.java:744)
	at org.testng.TestRunner.run(TestRunner.java:602)
	at org.testng.SuiteRunner.runTest(SuiteRunner.java:380)
	at org.testng.SuiteRunner.runSequentially(SuiteRunner.java:375)
	at org.testng.SuiteRunner.privateRun(SuiteRunner.java:340)
	at org.testng.SuiteRunner.run(SuiteRunner.java:289)
	at org.testng.SuiteRunnerWorker.runSuite(SuiteRunnerWorker.java:52)
	at org.testng.SuiteRunnerWorker.run(SuiteRunnerWorker.java:86)
	at org.testng.TestNG.runSuitesSequentially(TestNG.java:1301)
	at org.testng.TestNG.runSuitesLocally(TestNG.java:1226)
	at org.testng.TestNG.runSuites(TestNG.java:1144)
	at org.testng.TestNG.run(TestNG.java:1115)
	at org.testng.remote.AbstractRemoteTestNG.run(AbstractRemoteTestNG.java:132)
	at org.testng.remote.RemoteTestNG.initAndRun(RemoteTestNG.java:230)
	at org.testng.remote.RemoteTestNG.main(RemoteTestNG.java:76)
]]>
    </failure>
  </testcase> <!-- equals -->
  <testcase name="equals" time="0.003" classname="test.CardTest">
    <failure type="java.lang.AssertionError" message="Card not .equal() to it&amp;apos;s clone: FourRowSolitaire.Card[,0,0,0x0,invalid,alignmentX=0.0,alignmentY=0.0,border=,flags=0,maximumSize=,minimumSize=,preferredSize=] expected [FourRowSolitaire.Card[,0,0,0x0,invalid,alignmentX=0.0,alignmentY=0.0,border=,flags=0,maximumSize=,minimumSize=,preferredSize=]] but found [FourRowSolitaire.Card[,0,0,0x0,invalid,alignmentX=0.0,alignmentY=0.0,border=,flags=0,maximumSize=,minimumSize=,preferredSize=]]">
      <![CDATA[java.lang.AssertionError: Card not .equal() to it's clone: FourRowSolitaire.Card[,0,0,0x0,invalid,alignmentX=0.0,alignmentY=0.0,border=,flags=0,maximumSize=,minimumSize=,preferredSize=] expected [FourRowSolitaire.Card[,0,0,0x0,invalid,alignmentX=0.0,alignmentY=0.0,border=,flags=0,maximumSize=,minimumSize=,preferredSize=]] but found [FourRowSolitaire.Card[,0,0,0x0,invalid,alignmentX=0.0,alignmentY=0.0,border=,flags=0,maximumSize=,minimumSize=,preferredSize=]]
	at org.testng.Assert.fail(Assert.java:93)
	at org.testng.Assert.failNotEquals(Assert.java:512)
	at org.testng.Assert.assertEqualsImpl(Assert.java:134)
	at org.testng.Assert.assertEquals(Assert.java:115)
	at test.CardTest.equals(CardTest.java:21)
	at sun.reflect.GeneratedMethodAccessor2.invoke(Unknown Source)
	at sun.reflect.DelegatingMethodAccessorImpl.invoke(Unknown Source)
	at java.lang.reflect.Method.invoke(Unknown Source)
	at org.testng.internal.MethodInvocationHelper.invokeMethod(MethodInvocationHelper.java:108)
	at org.testng.internal.Invoker.invokeMethod(Invoker.java:661)
	at org.testng.internal.Invoker.invokeTestMethod(Invoker.java:869)
	at org.testng.internal.Invoker.invokeTestMethods(Invoker.java:1193)
	at org.testng.internal.TestMethodWorker.invokeTestMethods(TestMethodWorker.java:126)
	at org.testng.internal.TestMethodWorker.run(TestMethodWorker.java:109)
	at org.testng.TestRunner.privateRun(TestRunner.java:744)
	at org.testng.TestRunner.run(TestRunner.java:602)
	at org.testng.SuiteRunner.runTest(SuiteRunner.java:380)
	at org.testng.SuiteRunner.runSequentially(SuiteRunner.java:375)
	at org.testng.SuiteRunner.privateRun(SuiteRunner.java:340)
	at org.testng.SuiteRunner.run(SuiteRunner.java:289)
	at org.testng.SuiteRunnerWorker.runSuite(SuiteRunnerWorker.java:52)
	at org.testng.SuiteRunnerWorker.run(SuiteRunnerWorker.java:86)
	at org.testng.TestNG.runSuitesSequentially(TestNG.java:1301)
	at org.testng.TestNG.runSuitesLocally(TestNG.java:1226)
	at org.testng.TestNG.runSuites(TestNG.java:1144)
	at org.testng.TestNG.run(TestNG.java:1115)
	at org.testng.remote.AbstractRemoteTestNG.run(AbstractRemoteTestNG.java:132)
	at org.testng.remote.RemoteTestNG.initAndRun(RemoteTestNG.java:230)
	at org.testng.remote.RemoteTestNG.main(RemoteTestNG.java:76)
]]>
    </failure>
  </testcase> <!-- equals -->
  <testcase name="equals" time="0.003" classname="test.CardTest">
    <failure type="java.lang.AssertionError" message="Card not .equal() to it&amp;apos;s clone: FourRowSolitaire.Card[,0,0,0x0,invalid,alignmentX=0.0,alignmentY=0.0,border=,flags=0,maximumSize=,minimumSize=,preferredSize=] expected [FourRowSolitaire.Card[,0,0,0x0,invalid,alignmentX=0.0,alignmentY=0.0,border=,flags=0,maximumSize=,minimumSize=,preferredSize=]] but found [FourRowSolitaire.Card[,0,0,0x0,invalid,alignmentX=0.0,alignmentY=0.0,border=,flags=0,maximumSize=,minimumSize=,preferredSize=]]">
      <![CDATA[java.lang.AssertionError: Card not .equal() to it's clone: FourRowSolitaire.Card[,0,0,0x0,invalid,alignmentX=0.0,alignmentY=0.0,border=,flags=0,maximumSize=,minimumSize=,preferredSize=] expected [FourRowSolitaire.Card[,0,0,0x0,invalid,alignmentX=0.0,alignmentY=0.0,border=,flags=0,maximumSize=,minimumSize=,preferredSize=]] but found [FourRowSolitaire.Card[,0,0,0x0,invalid,alignmentX=0.0,alignmentY=0.0,border=,flags=0,maximumSize=,minimumSize=,preferredSize=]]
	at org.testng.Assert.fail(Assert.java:93)
	at org.testng.Assert.failNotEquals(Assert.java:512)
	at org.testng.Assert.assertEqualsImpl(Assert.java:134)
	at org.testng.Assert.assertEquals(Assert.java:115)
	at test.CardTest.equals(CardTest.java:21)
	at sun.reflect.GeneratedMethodAccessor2.invoke(Unknown Source)
	at sun.reflect.DelegatingMethodAccessorImpl.invoke(Unknown Source)
	at java.lang.reflect.Method.invoke(Unknown Source)
	at org.testng.internal.MethodInvocationHelper.invokeMethod(MethodInvocationHelper.java:108)
	at org.testng.internal.Invoker.invokeMethod(Invoker.java:661)
	at org.testng.internal.Invoker.invokeTestMethod(Invoker.java:869)
	at org.testng.internal.Invoker.invokeTestMethods(Invoker.java:1193)
	at org.testng.internal.TestMethodWorker.invokeTestMethods(TestMethodWorker.java:126)
	at org.testng.internal.TestMethodWorker.run(TestMethodWorker.java:109)
	at org.testng.TestRunner.privateRun(TestRunner.java:744)
	at org.testng.TestRunner.run(TestRunner.java:602)
	at org.testng.SuiteRunner.runTest(SuiteRunner.java:380)
	at org.testng.SuiteRunner.runSequentially(SuiteRunner.java:375)
	at org.testng.SuiteRunner.privateRun(SuiteRunner.java:340)
	at org.testng.SuiteRunner.run(SuiteRunner.java:289)
	at org.testng.SuiteRunnerWorker.runSuite(SuiteRunnerWorker.java:52)
	at org.testng.SuiteRunnerWorker.run(SuiteRunnerWorker.java:86)
	at org.testng.TestNG.runSuitesSequentially(TestNG.java:1301)
	at org.testng.TestNG.runSuitesLocally(TestNG.java:1226)
	at org.testng.TestNG.runSuites(TestNG.java:1144)
	at org.testng.TestNG.run(TestNG.java:1115)
	at org.testng.remote.AbstractRemoteTestNG.run(AbstractRemoteTestNG.java:132)
	at org.testng.remote.RemoteTestNG.initAndRun(RemoteTestNG.java:230)
	at org.testng.remote.RemoteTestNG.main(RemoteTestNG.java:76)
]]>
    </failure>
  </testcase> <!-- equals -->
  <testcase name="equals" time="0.002" classname="test.CardTest">
    <failure type="java.lang.AssertionError" message="Card not .equal() to it&amp;apos;s clone: FourRowSolitaire.Card[,0,0,0x0,invalid,alignmentX=0.0,alignmentY=0.0,border=,flags=0,maximumSize=,minimumSize=,preferredSize=] expected [FourRowSolitaire.Card[,0,0,0x0,invalid,alignmentX=0.0,alignmentY=0.0,border=,flags=0,maximumSize=,minimumSize=,preferredSize=]] but found [FourRowSolitaire.Card[,0,0,0x0,invalid,alignmentX=0.0,alignmentY=0.0,border=,flags=0,maximumSize=,minimumSize=,preferredSize=]]">
      <![CDATA[java.lang.AssertionError: Card not .equal() to it's clone: FourRowSolitaire.Card[,0,0,0x0,invalid,alignmentX=0.0,alignmentY=0.0,border=,flags=0,maximumSize=,minimumSize=,preferredSize=] expected [FourRowSolitaire.Card[,0,0,0x0,invalid,alignmentX=0.0,alignmentY=0.0,border=,flags=0,maximumSize=,minimumSize=,preferredSize=]] but found [FourRowSolitaire.Card[,0,0,0x0,invalid,alignmentX=0.0,alignmentY=0.0,border=,flags=0,maximumSize=,minimumSize=,preferredSize=]]
	at org.testng.Assert.fail(Assert.java:93)
	at org.testng.Assert.failNotEquals(Assert.java:512)
	at org.testng.Assert.assertEqualsImpl(Assert.java:134)
	at org.testng.Assert.assertEquals(Assert.java:115)
	at test.CardTest.equals(CardTest.java:21)
	at sun.reflect.GeneratedMethodAccessor2.invoke(Unknown Source)
	at sun.reflect.DelegatingMethodAccessorImpl.invoke(Unknown Source)
	at java.lang.reflect.Method.invoke(Unknown Source)
	at org.testng.internal.MethodInvocationHelper.invokeMethod(MethodInvocationHelper.java:108)
	at org.testng.internal.Invoker.invokeMethod(Invoker.java:661)
	at org.testng.internal.Invoker.invokeTestMethod(Invoker.java:869)
	at org.testng.internal.Invoker.invokeTestMethods(Invoker.java:1193)
	at org.testng.internal.TestMethodWorker.invokeTestMethods(TestMethodWorker.java:126)
	at org.testng.internal.TestMethodWorker.run(TestMethodWorker.java:109)
	at org.testng.TestRunner.privateRun(TestRunner.java:744)
	at org.testng.TestRunner.run(TestRunner.java:602)
	at org.testng.SuiteRunner.runTest(SuiteRunner.java:380)
	at org.testng.SuiteRunner.runSequentially(SuiteRunner.java:375)
	at org.testng.SuiteRunner.privateRun(SuiteRunner.java:340)
	at org.testng.SuiteRunner.run(SuiteRunner.java:289)
	at org.testng.SuiteRunnerWorker.runSuite(SuiteRunnerWorker.java:52)
	at org.testng.SuiteRunnerWorker.run(SuiteRunnerWorker.java:86)
	at org.testng.TestNG.runSuitesSequentially(TestNG.java:1301)
	at org.testng.TestNG.runSuitesLocally(TestNG.java:1226)
	at org.testng.TestNG.runSuites(TestNG.java:1144)
	at org.testng.TestNG.run(TestNG.java:1115)
	at org.testng.remote.AbstractRemoteTestNG.run(AbstractRemoteTestNG.java:132)
	at org.testng.remote.RemoteTestNG.initAndRun(RemoteTestNG.java:230)
	at org.testng.remote.RemoteTestNG.main(RemoteTestNG.java:76)
]]>
    </failure>
  </testcase> <!-- equals -->
  <testcase name="equals" time="0.003" classname="test.CardTest">
    <failure type="java.lang.AssertionError" message="Card not .equal() to it&amp;apos;s clone: FourRowSolitaire.Card[,0,0,0x0,invalid,alignmentX=0.0,alignmentY=0.0,border=,flags=0,maximumSize=,minimumSize=,preferredSize=] expected [FourRowSolitaire.Card[,0,0,0x0,invalid,alignmentX=0.0,alignmentY=0.0,border=,flags=0,maximumSize=,minimumSize=,preferredSize=]] but found [FourRowSolitaire.Card[,0,0,0x0,invalid,alignmentX=0.0,alignmentY=0.0,border=,flags=0,maximumSize=,minimumSize=,preferredSize=]]">
      <![CDATA[java.lang.AssertionError: Card not .equal() to it's clone: FourRowSolitaire.Card[,0,0,0x0,invalid,alignmentX=0.0,alignmentY=0.0,border=,flags=0,maximumSize=,minimumSize=,preferredSize=] expected [FourRowSolitaire.Card[,0,0,0x0,invalid,alignmentX=0.0,alignmentY=0.0,border=,flags=0,maximumSize=,minimumSize=,preferredSize=]] but found [FourRowSolitaire.Card[,0,0,0x0,invalid,alignmentX=0.0,alignmentY=0.0,border=,flags=0,maximumSize=,minimumSize=,preferredSize=]]
	at org.testng.Assert.fail(Assert.java:93)
	at org.testng.Assert.failNotEquals(Assert.java:512)
	at org.testng.Assert.assertEqualsImpl(Assert.java:134)
	at org.testng.Assert.assertEquals(Assert.java:115)
	at test.CardTest.equals(CardTest.java:21)
	at sun.reflect.GeneratedMethodAccessor2.invoke(Unknown Source)
	at sun.reflect.DelegatingMethodAccessorImpl.invoke(Unknown Source)
	at java.lang.reflect.Method.invoke(Unknown Source)
	at org.testng.internal.MethodInvocationHelper.invokeMethod(MethodInvocationHelper.java:108)
	at org.testng.internal.Invoker.invokeMethod(Invoker.java:661)
	at org.testng.internal.Invoker.invokeTestMethod(Invoker.java:869)
	at org.testng.internal.Invoker.invokeTestMethods(Invoker.java:1193)
	at org.testng.internal.TestMethodWorker.invokeTestMethods(TestMethodWorker.java:126)
	at org.testng.internal.TestMethodWorker.run(TestMethodWorker.java:109)
	at org.testng.TestRunner.privateRun(TestRunner.java:744)
	at org.testng.TestRunner.run(TestRunner.java:602)
	at org.testng.SuiteRunner.runTest(SuiteRunner.java:380)
	at org.testng.SuiteRunner.runSequentially(SuiteRunner.java:375)
	at org.testng.SuiteRunner.privateRun(SuiteRunner.java:340)
	at org.testng.SuiteRunner.run(SuiteRunner.java:289)
	at org.testng.SuiteRunnerWorker.runSuite(SuiteRunnerWorker.java:52)
	at org.testng.SuiteRunnerWorker.run(SuiteRunnerWorker.java:86)
	at org.testng.TestNG.runSuitesSequentially(TestNG.java:1301)
	at org.testng.TestNG.runSuitesLocally(TestNG.java:1226)
	at org.testng.TestNG.runSuites(TestNG.java:1144)
	at org.testng.TestNG.run(TestNG.java:1115)
	at org.testng.remote.AbstractRemoteTestNG.run(AbstractRemoteTestNG.java:132)
	at org.testng.remote.RemoteTestNG.initAndRun(RemoteTestNG.java:230)
	at org.testng.remote.RemoteTestNG.main(RemoteTestNG.java:76)
]]>
    </failure>
  </testcase> <!-- equals -->
  <testcase name="equals" time="0.003" classname="test.CardTest">
    <failure type="java.lang.AssertionError" message="Card not .equal() to it&amp;apos;s clone: FourRowSolitaire.Card[,0,0,0x0,invalid,alignmentX=0.0,alignmentY=0.0,border=,flags=0,maximumSize=,minimumSize=,preferredSize=] expected [FourRowSolitaire.Card[,0,0,0x0,invalid,alignmentX=0.0,alignmentY=0.0,border=,flags=0,maximumSize=,minimumSize=,preferredSize=]] but found [FourRowSolitaire.Card[,0,0,0x0,invalid,alignmentX=0.0,alignmentY=0.0,border=,flags=0,maximumSize=,minimumSize=,preferredSize=]]">
      <![CDATA[java.lang.AssertionError: Card not .equal() to it's clone: FourRowSolitaire.Card[,0,0,0x0,invalid,alignmentX=0.0,alignmentY=0.0,border=,flags=0,maximumSize=,minimumSize=,preferredSize=] expected [FourRowSolitaire.Card[,0,0,0x0,invalid,alignmentX=0.0,alignmentY=0.0,border=,flags=0,maximumSize=,minimumSize=,preferredSize=]] but found [FourRowSolitaire.Card[,0,0,0x0,invalid,alignmentX=0.0,alignmentY=0.0,border=,flags=0,maximumSize=,minimumSize=,preferredSize=]]
	at org.testng.Assert.fail(Assert.java:93)
	at org.testng.Assert.failNotEquals(Assert.java:512)
	at org.testng.Assert.assertEqualsImpl(Assert.java:134)
	at org.testng.Assert.assertEquals(Assert.java:115)
	at test.CardTest.equals(CardTest.java:21)
	at sun.reflect.GeneratedMethodAccessor2.invoke(Unknown Source)
	at sun.reflect.DelegatingMethodAccessorImpl.invoke(Unknown Source)
	at java.lang.reflect.Method.invoke(Unknown Source)
	at org.testng.internal.MethodInvocationHelper.invokeMethod(MethodInvocationHelper.java:108)
	at org.testng.internal.Invoker.invokeMethod(Invoker.java:661)
	at org.testng.internal.Invoker.invokeTestMethod(Invoker.java:869)
	at org.testng.internal.Invoker.invokeTestMethods(Invoker.java:1193)
	at org.testng.internal.TestMethodWorker.invokeTestMethods(TestMethodWorker.java:126)
	at org.testng.internal.TestMethodWorker.run(TestMethodWorker.java:109)
	at org.testng.TestRunner.privateRun(TestRunner.java:744)
	at org.testng.TestRunner.run(TestRunner.java:602)
	at org.testng.SuiteRunner.runTest(SuiteRunner.java:380)
	at org.testng.SuiteRunner.runSequentially(SuiteRunner.java:375)
	at org.testng.SuiteRunner.privateRun(SuiteRunner.java:340)
	at org.testng.SuiteRunner.run(SuiteRunner.java:289)
	at org.testng.SuiteRunnerWorker.runSuite(SuiteRunnerWorker.java:52)
	at org.testng.SuiteRunnerWorker.run(SuiteRunnerWorker.java:86)
	at org.testng.TestNG.runSuitesSequentially(TestNG.java:1301)
	at org.testng.TestNG.runSuitesLocally(TestNG.java:1226)
	at org.testng.TestNG.runSuites(TestNG.java:1144)
	at org.testng.TestNG.run(TestNG.java:1115)
	at org.testng.remote.AbstractRemoteTestNG.run(AbstractRemoteTestNG.java:132)
	at org.testng.remote.RemoteTestNG.initAndRun(RemoteTestNG.java:230)
	at org.testng.remote.RemoteTestNG.main(RemoteTestNG.java:76)
]]>
    </failure>
  </testcase> <!-- equals -->
  <testcase name="equals" time="0.003" classname="test.CardTest">
    <failure type="java.lang.AssertionError" message="Card not .equal() to it&amp;apos;s clone: FourRowSolitaire.Card[,0,0,0x0,invalid,alignmentX=0.0,alignmentY=0.0,border=,flags=0,maximumSize=,minimumSize=,preferredSize=] expected [FourRowSolitaire.Card[,0,0,0x0,invalid,alignmentX=0.0,alignmentY=0.0,border=,flags=0,maximumSize=,minimumSize=,preferredSize=]] but found [FourRowSolitaire.Card[,0,0,0x0,invalid,alignmentX=0.0,alignmentY=0.0,border=,flags=0,maximumSize=,minimumSize=,preferredSize=]]">
      <![CDATA[java.lang.AssertionError: Card not .equal() to it's clone: FourRowSolitaire.Card[,0,0,0x0,invalid,alignmentX=0.0,alignmentY=0.0,border=,flags=0,maximumSize=,minimumSize=,preferredSize=] expected [FourRowSolitaire.Card[,0,0,0x0,invalid,alignmentX=0.0,alignmentY=0.0,border=,flags=0,maximumSize=,minimumSize=,preferredSize=]] but found [FourRowSolitaire.Card[,0,0,0x0,invalid,alignmentX=0.0,alignmentY=0.0,border=,flags=0,maximumSize=,minimumSize=,preferredSize=]]
	at org.testng.Assert.fail(Assert.java:93)
	at org.testng.Assert.failNotEquals(Assert.java:512)
	at org.testng.Assert.assertEqualsImpl(Assert.java:134)
	at org.testng.Assert.assertEquals(Assert.java:115)
	at test.CardTest.equals(CardTest.java:21)
	at sun.reflect.GeneratedMethodAccessor2.invoke(Unknown Source)
	at sun.reflect.DelegatingMethodAccessorImpl.invoke(Unknown Source)
	at java.lang.reflect.Method.invoke(Unknown Source)
	at org.testng.internal.MethodInvocationHelper.invokeMethod(MethodInvocationHelper.java:108)
	at org.testng.internal.Invoker.invokeMethod(Invoker.java:661)
	at org.testng.internal.Invoker.invokeTestMethod(Invoker.java:869)
	at org.testng.internal.Invoker.invokeTestMethods(Invoker.java:1193)
	at org.testng.internal.TestMethodWorker.invokeTestMethods(TestMethodWorker.java:126)
	at org.testng.internal.TestMethodWorker.run(TestMethodWorker.java:109)
	at org.testng.TestRunner.privateRun(TestRunner.java:744)
	at org.testng.TestRunner.run(TestRunner.java:602)
	at org.testng.SuiteRunner.runTest(SuiteRunner.java:380)
	at org.testng.SuiteRunner.runSequentially(SuiteRunner.java:375)
	at org.testng.SuiteRunner.privateRun(SuiteRunner.java:340)
	at org.testng.SuiteRunner.run(SuiteRunner.java:289)
	at org.testng.SuiteRunnerWorker.runSuite(SuiteRunnerWorker.java:52)
	at org.testng.SuiteRunnerWorker.run(SuiteRunnerWorker.java:86)
	at org.testng.TestNG.runSuitesSequentially(TestNG.java:1301)
	at org.testng.TestNG.runSuitesLocally(TestNG.java:1226)
	at org.testng.TestNG.runSuites(TestNG.java:1144)
	at org.testng.TestNG.run(TestNG.java:1115)
	at org.testng.remote.AbstractRemoteTestNG.run(AbstractRemoteTestNG.java:132)
	at org.testng.remote.RemoteTestNG.initAndRun(RemoteTestNG.java:230)
	at org.testng.remote.RemoteTestNG.main(RemoteTestNG.java:76)
]]>
    </failure>
  </testcase> <!-- equals -->
  <testcase name="equals" time="0.003" classname="test.CardTest">
[...]
	at org.testng.Assert.fail(Assert.java:93)
	at org.testng.Assert.failNotEquals(Assert.java:512)
	at org.testng.Assert.assertEqualsImpl(Assert.java:134)
	at org.testng.Assert.assertEquals(Assert.java:115)
	at test.CardTest.equals(CardTest.java:21)
	at sun.reflect.GeneratedMethodAccessor2.invoke(Unknown Source)
	at sun.reflect.DelegatingMethodAccessorImpl.invoke(Unknown Source)
	at java.lang.reflect.Method.invoke(Unknown Source)
	at org.testng.internal.MethodInvocationHelper.invokeMethod(MethodInvocationHelper.java:108)
	at org.testng.internal.Invoker.invokeMethod(Invoker.java:661)
	at org.testng.internal.Invoker.invokeTestMethod(Invoker.java:869)
	at org.testng.internal.Invoker.invokeTestMethods(Invoker.java:1193)
	at org.testng.internal.TestMethodWorker.invokeTestMethods(TestMethodWorker.java:126)
	at org.testng.internal.TestMethodWorker.run(TestMethodWorker.java:109)
	at org.testng.TestRunner.privateRun(TestRunner.java:744)
	at org.testng.TestRunner.run(TestRunner.java:602)
	at org.testng.SuiteRunner.runTest(SuiteRunner.java:380)
	at org.testng.SuiteRunner.runSequentially(SuiteRunner.java:375)
	at org.testng.SuiteRunner.privateRun(SuiteRunner.java:340)
	at org.testng.SuiteRunner.run(SuiteRunner.java:289)
	at org.testng.SuiteRunnerWorker.runSuite(SuiteRunnerWorker.java:52)
	at org.testng.SuiteRunnerWorker.run(SuiteRunnerWorker.java:86)
	at org.testng.TestNG.runSuitesSequentially(TestNG.java:1301)
	at org.testng.TestNG.runSuitesLocally(TestNG.java:1226)
	at org.testng.TestNG.runSuites(TestNG.java:1144)
	at org.testng.TestNG.run(TestNG.java:1115)
	at org.testng.remote.AbstractRemoteTestNG.run(AbstractRemoteTestNG.java:132)
	at org.testng.remote.RemoteTestNG.initAndRun(RemoteTestNG.java:230)
	at org.testng.remote.RemoteTestNG.main(RemoteTestNG.java:76)
]]>
    </failure>
  </testcase> <!-- equals -->
  <testcase name="getNumber" time="0.0" classname="test.CardTest"/>
  <testcase name="getNumber" time="0.0" classname="test.CardTest"/>
  <testcase name="getNumber" time="0.0" classname="test.CardTest"/>
  <testcase name="getNumber" time="0.0" classname="test.CardTest"/>
  <testcase name="getNumber" time="0.0" classname="test.CardTest"/>
  <testcase name="getNumber" time="0.0" classname="test.CardTest"/>
  <testcase name="getNumber" time="0.0" classname="test.CardTest"/>
  <testcase name="getNumber" time="0.0" classname="test.CardTest"/>
  <testcase name="getNumber" time="0.001" classname="test.CardTest"/>
  <testcase name="getNumber" time="0.0" classname="test.CardTest"/>
  <testcase name="getNumber" time="0.001" classname="test.CardTest"/>
  <testcase name="getNumber" time="0.0" classname="test.CardTest"/>
  <testcase name="getNumber" time="0.0" classname="test.CardTest"/>
  <testcase name="getNumber" time="0.0" classname="test.CardTest"/>
  <testcase name="getNumber" time="0.001" classname="test.CardTest"/>
  <testcase name="getNumber" time="0.0" classname="test.CardTest"/>
  <testcase name="getNumber" time="0.0" classname="test.CardTest"/>
  <testcase name="getNumber" time="0.0" classname="test.CardTest"/>
  <testcase name="getNumber" time="0.001" classname="test.CardTest"/>
  <testcase name="getNumber" time="0.0" classname="test.CardTest"/>
  <testcase name="getNumber" time="0.001" classname="test.CardTest"/>
  <testcase name="getNumber" time="0.0" classname="test.CardTest"/>
  <testcase name="getNumber" time="0.0" classname="test.CardTest"/>
  <testcase name="getNumber" time="0.0" classname="test.CardTest"/>
  <testcase name="getNumber" time="0.0" classname="test.CardTest"/>
  <testcase name="getNumber" time="0.0" classname="test.CardTest"/>
  <testcase name="getNumber" time="0.0" classname="test.CardTest"/>
  <testcase name="getNumber" time="0.001" classname="test.CardTest"/>
  <testcase name="getNumber" time="0.0" classname="test.CardTest"/>
  <testcase name="getNumber" time="0.001" classname="test.CardTest"/>
  <testcase name="getNumber" time="0.0" classname="test.CardTest"/>
  <testcase name="getNumber" time="0.001" classname="test.CardTest"/>
  <testcase name="getNumber" time="0.0" classname="test.CardTest"/>
  <testcase name="getNumber" time="0.0" classname="test.CardTest"/>
  <testcase name="getNumber" time="0.0" classname="test.CardTest"/>
  <testcase name="getNumber" time="0.0" classname="test.CardTest"/>
  <testcase name="getNumber" time="0.0" classname="test.CardTest"/>
  <testcase name="getNumber" time="0.0" classname="test.CardTest"/>
  <testcase name="getNumber" time="0.0" classname="test.CardTest"/>
  <testcase name="getNumber" time="0.0" classname="test.CardTest"/>
  <testcase name="getNumber" time="0.001" classname="test.CardTest"/>
  <testcase name="getNumber" time="0.0" classname="test.CardTest"/>
  <testcase name="getNumber" time="0.0" classname="test.CardTest"/>
  <testcase name="getNumber" time="0.0" classname="test.CardTest"/>
  <testcase name="getNumber" time="0.0" classname="test.CardTest"/>
  <testcase name="getNumber" time="0.0" classname="test.CardTest"/>
  <testcase name="getNumber" time="0.0" classname="test.CardTest"/>
  <testcase name="getNumber" time="0.0" classname="test.CardTest"/>
  <testcase name="getNumber" time="0.0" classname="test.CardTest"/>
  <testcase name="getNumber" time="0.001" classname="test.CardTest"/>
  <testcase name="getNumber" time="0.0" classname="test.CardTest"/>
  <testcase name="getNumber" time="0.0" classname="test.CardTest"/>
  <testcase name="getSuit" time="0.0" classname="test.CardTest"/>
  <testcase name="getSuit" time="0.0" classname="test.CardTest"/>
  <testcase name="getSuit" time="0.0" classname="test.CardTest"/>
  <testcase name="getSuit" time="0.0" classname="test.CardTest"/>
  <testcase name="getSuit" time="0.001" classname="test.CardTest"/>
  <testcase name="getSuit" time="0.0" classname="test.CardTest"/>
  <testcase name="getSuit" time="0.001" classname="test.CardTest"/>
  <testcase name="getSuit" time="0.0" classname="test.CardTest"/>
  <testcase name="getSuit" time="0.001" classname="test.CardTest"/>
  <testcase name="getSuit" time="0.0" classname="test.CardTest"/>
  <testcase name="getSuit" time="0.0" classname="test.CardTest"/>
  <testcase name="getSuit" time="0.0" classname="test.CardTest"/>
  <testcase name="getSuit" time="0.0" classname="test.CardTest"/>
  <testcase name="getSuit" time="0.0" classname="test.CardTest"/>
  <testcase name="getSuit" time="0.0" classname="test.CardTest"/>
  <testcase name="getSuit" time="0.001" classname="test.CardTest"/>
  <testcase name="getSuit" time="0.0" classname="test.CardTest"/>
  <testcase name="getSuit" time="0.0" classname="test.CardTest"/>
  <testcase name="getSuit" time="0.0" classname="test.CardTest"/>
  <testcase name="getSuit" time="0.009" classname="test.CardTest"/>
  <testcase name="getSuit" time="0.0" classname="test.CardTest"/>
  <testcase name="getSuit" time="0.0" classname="test.CardTest"/>
  <testcase name="getSuit" time="0.0" classname="test.CardTest"/>
  <testcase name="getSuit" time="0.0" classname="test.CardTest"/>
  <testcase name="getSuit" time="0.0" classname="test.CardTest"/>
  <testcase name="getSuit" time="0.0" classname="test.CardTest"/>
  <testcase name="getSuit" time="0.0" classname="test.CardTest"/>
  <testcase name="getSuit" time="0.001" classname="test.CardTest"/>
  <testcase name="getSuit" time="0.0" classname="test.CardTest"/>
  <testcase name="getSuit" time="0.0" classname="test.CardTest"/>
  <testcase name="getSuit" time="0.0" classname="test.CardTest"/>
  <testcase name="getSuit" time="0.0" classname="test.CardTest"/>
  <testcase name="getSuit" time="0.001" classname="test.CardTest"/>
  <testcase name="getSuit" time="0.0" classname="test.CardTest"/>
  <testcase name="getSuit" time="0.001" classname="test.CardTest"/>
  <testcase name="getSuit" time="0.0" classname="test.CardTest"/>
  <testcase name="getSuit" time="0.0" classname="test.CardTest"/>
  <testcase name="getSuit" time="0.0" classname="test.CardTest"/>
  <testcase name="getSuit" time="0.001" classname="test.CardTest"/>
  <testcase name="getSuit" time="0.0" classname="test.CardTest"/>
  <testcase name="getSuit" time="0.001" classname="test.CardTest"/>
  <testcase name="getSuit" time="0.0" classname="test.CardTest"/>
  <testcase name="getSuit" time="0.0" classname="test.CardTest"/>
  <testcase name="getSuit" time="0.0" classname="test.CardTest"/>
  <testcase name="getSuit" time="0.0" classname="test.CardTest"/>
  <testcase name="getSuit" time="0.0" classname="test.CardTest"/>
  <testcase name="getSuit" time="0.0" classname="test.CardTest"/>
  <testcase name="getSuit" time="0.001" classname="test.CardTest"/>
  <testcase name="getSuit" time="0.0" classname="test.CardTest"/>
  <testcase name="getSuit" time="0.0" classname="test.CardTest"/>
  <testcase name="getSuit" time="0.0" classname="test.CardTest"/>
  <testcase name="getSuit" time="0.001" classname="test.CardTest"/>
  <testcase name="isFaceUp" time="0.007" classname="test.CardTest"/>
  <testcase name="isFaceUp" time="0.005" classname="test.CardTest"/>
  <testcase name="isFaceUp" time="0.006" classname="test.CardTest"/>
  <testcase name="isFaceUp" time="0.006" classname="test.CardTest"/>
  <testcase name="isFaceUp" time="0.005" classname="test.CardTest"/>
  <testcase name="isFaceUp" time="0.005" classname="test.CardTest"/>
  <testcase name="isFaceUp" time="0.005" classname="test.CardTest"/>
  <testcase name="isFaceUp" time="0.005" classname="test.CardTest"/>
  <testcase name="isFaceUp" time="0.005" classname="test.CardTest"/>
  <testcase name="isFaceUp" time="0.006" classname="test.CardTest"/>
  <testcase name="isFaceUp" time="0.005" classname="test.CardTest"/>
  <testcase name="isFaceUp" time="0.005" classname="test.CardTest"/>
  <testcase name="isFaceUp" time="0.006" classname="test.CardTest"/>
  <testcase name="isFaceUp" time="0.005" classname="test.CardTest"/>
  <testcase name="isFaceUp" time="0.005" classname="test.CardTest"/>
  <testcase name="isFaceUp" time="0.006" classname="test.CardTest"/>
  <testcase name="isFaceUp" time="0.006" classname="test.CardTest"/>
  <testcase name="isFaceUp" time="0.006" classname="test.CardTest"/>
  <testcase name="isFaceUp" time="0.006" classname="test.CardTest"/>
  <testcase name="isFaceUp" time="0.006" classname="test.CardTest"/>
  <testcase name="isFaceUp" time="0.005" classname="test.CardTest"/>
  <testcase name="isFaceUp" time="0.005" classname="test.CardTest"/>
  <testcase name="isFaceUp" time="0.007" classname="test.CardTest"/>
  <testcase name="isFaceUp" time="0.007" classname="test.CardTest"/>
  <testcase name="isFaceUp" time="0.006" classname="test.CardTest"/>
  <testcase name="isFaceUp" time="0.005" classname="test.CardTest"/>
  <testcase name="isFaceUp" time="0.006" classname="test.CardTest"/>
  <testcase name="isFaceUp" time="0.006" classname="test.CardTest"/>
  <testcase name="isFaceUp" time="0.006" classname="test.CardTest"/>
  <testcase name="isFaceUp" time="0.006" classname="test.CardTest"/>
  <testcase name="isFaceUp" time="0.005" classname="test.CardTest"/>
  <testcase name="isFaceUp" time="0.005" classname="test.CardTest"/>
  <testcase name="isFaceUp" time="0.005" classname="test.CardTest"/>
  <testcase name="isFaceUp" time="0.006" classname="test.CardTest"/>
  <testcase name="isFaceUp" time="0.006" classname="test.CardTest"/>
  <testcase name="isFaceUp" time="0.005" classname="test.CardTest"/>
  <testcase name="isFaceUp" time="0.006" classname="test.CardTest"/>
  <testcase name="isFaceUp" time="0.005" classname="test.CardTest"/>
  <testcase name="isFaceUp" time="0.005" classname="test.CardTest"/>
  <testcase name="isFaceUp" time="0.006" classname="test.CardTest"/>
  <testcase name="isFaceUp" time="0.005" classname="test.CardTest"/>
  <testcase name="isFaceUp" time="0.005" classname="test.CardTest"/>
  <testcase name="isFaceUp" time="0.007" classname="test.CardTest"/>
  <testcase name="isFaceUp" time="0.006" classname="test.CardTest"/>
  <testcase name="isFaceUp" time="0.005" classname="test.CardTest"/>
  <testcase name="isFaceUp" time="0.006" classname="test.CardTest"/>
  <testcase name="isFaceUp" time="0.005" classname="test.CardTest"/>
  <testcase name="isFaceUp" time="0.005" classname="test.CardTest"/>
  <testcase name="isFaceUp" time="0.005" classname="test.CardTest"/>
  <testcase name="isFaceUp" time="0.006" classname="test.CardTest"/>
  <testcase name="isFaceUp" time="0.006" classname="test.CardTest"/>
  <testcase name="isFaceUp" time="0.005" classname="test.CardTest"/>
  <testcase name="isHighlighted" time="0.006" classname="test.CardTest"/>
  <testcase name="isHighlighted" time="0.006" classname="test.CardTest"/>
  <testcase name="isHighlighted" time="0.005" classname="test.CardTest"/>
  <testcase name="isHighlighted" time="0.005" classname="test.CardTest"/>
  <testcase name="isHighlighted" time="0.005" classname="test.CardTest"/>
  <testcase name="isHighlighted" time="0.006" classname="test.CardTest"/>
  <testcase name="isHighlighted" time="0.005" classname="test.CardTest"/>
  <testcase name="isHighlighted" time="0.005" classname="test.CardTest"/>
  <testcase name="isHighlighted" time="0.006" classname="test.CardTest"/>
  <testcase name="isHighlighted" time="0.006" classname="test.CardTest"/>
  <testcase name="isHighlighted" time="0.005" classname="test.CardTest"/>
  <testcase name="isHighlighted" time="0.005" classname="test.CardTest"/>
  <testcase name="isHighlighted" time="0.006" classname="test.CardTest"/>
  <testcase name="isHighlighted" time="0.005" classname="test.CardTest"/>
  <testcase name="isHighlighted" time="0.005" classname="test.CardTest"/>
  <testcase name="isHighlighted" time="0.006" classname="test.CardTest"/>
  <testcase name="isHighlighted" time="0.006" classname="test.CardTest"/>
  <testcase name="isHighlighted" time="0.005" classname="test.CardTest"/>
  <testcase name="isHighlighted" time="0.006" classname="test.CardTest"/>
  <testcase name="isHighlighted" time="0.006" classname="test.CardTest"/>
  <testcase name="isHighlighted" time="0.006" classname="test.CardTest"/>
  <testcase name="isHighlighted" time="0.006" classname="test.CardTest"/>
  <testcase name="isHighlighted" time="0.005" classname="test.CardTest"/>
  <testcase name="isHighlighted" time="0.005" classname="test.CardTest"/>
  <testcase name="isHighlighted" time="0.005" classname="test.CardTest"/>
  <testcase name="isHighlighted" time="0.005" classname="test.CardTest"/>
  <testcase name="isHighlighted" time="0.005" classname="test.CardTest"/>
  <testcase name="isHighlighted" time="0.005" classname="test.CardTest"/>
  <testcase name="isHighlighted" time="0.005" classname="test.CardTest"/>
  <testcase name="isHighlighted" time="0.005" classname="test.CardTest"/>
  <testcase name="isHighlighted" time="0.005" classname="test.CardTest"/>
  <testcase name="isHighlighted" time="0.007" classname="test.CardTest"/>
  <testcase name="isHighlighted" time="0.005" classname="test.CardTest"/>
  <testcase name="isHighlighted" time="0.006" classname="test.CardTest"/>
  <testcase name="isHighlighted" time="0.005" classname="test.CardTest"/>
  <testcase name="isHighlighted" time="0.005" classname="test.CardTest"/>
  <testcase name="isHighlighted" time="0.006" classname="test.CardTest"/>
  <testcase name="isHighlighted" time="0.005" classname="test.CardTest"/>
  <testcase name="isHighlighted" time="0.005" classname="test.CardTest"/>
  <testcase name="isHighlighted" time="0.005" classname="test.CardTest"/>
  <testcase name="isHighlighted" time="0.005" classname="test.CardTest"/>
  <testcase name="isHighlighted" time="0.005" classname="test.CardTest"/>
  <testcase name="isHighlighted" time="0.006" classname="test.CardTest"/>
  <testcase name="isHighlighted" time="0.005" classname="test.CardTest"/>
  <testcase name="isHighlighted" time="0.006" classname="test.CardTest"/>
  <testcase name="isHighlighted" time="0.005" classname="test.CardTest"/>
  <testcase name="isHighlighted" time="0.006" classname="test.CardTest"/>
  <testcase name="isHighlighted" time="0.006" classname="test.CardTest"/>
  <testcase name="isHighlighted" time="0.006" classname="test.CardTest"/>
  <testcase name="isHighlighted" time="0.006" classname="test.CardTest"/>
  <testcase name="isHighlighted" time="0.006" classname="test.CardTest"/>
  <testcase name="isHighlighted" time="0.005" classname="test.CardTest"/>
  <testcase name="isValidSuit" time="0.0" classname="test.CardTest"/>
  <testcase name="isValidSuit" time="0.001" classname="test.CardTest"/>
  <testcase name="isValidSuit" time="0.0" classname="test.CardTest"/>
  <testcase name="isValidSuit" time="0.0" classname="test.CardTest"/>
  <testcase name="isValidSuit" time="0.0" classname="test.CardTest"/>
  <testcase name="isValidSuit" time="0.0" classname="test.CardTest"/>
  <testcase name="isValidSuit" time="0.0" classname="test.CardTest"/>
  <testcase name="isValidSuit" time="0.0" classname="test.CardTest"/>
  <testcase name="isValidSuit" time="0.001" classname="test.CardTest"/>
  <testcase name="isValidSuit" time="0.0" classname="test.CardTest"/>
  <testcase name="isValidSuit" time="0.001" classname="test.CardTest"/>
  <testcase name="isValidSuit" time="0.0" classname="test.CardTest"/>
  <testcase name="isValidSuit" time="0.0" classname="test.CardTest"/>
  <testcase name="isValidSuit" time="0.0" classname="test.CardTest"/>
  <testcase name="isValidSuit" time="0.0" classname="test.CardTest"/>
  <testcase name="isValidSuit" time="0.0" classname="test.CardTest"/>
  <testcase name="isValidSuit" time="0.001" classname="test.CardTest"/>
  <testcase name="isValidSuit" time="0.0" classname="test.CardTest"/>
  <testcase name="isValidSuit" time="0.0" classname="test.CardTest"/>
  <testcase name="isValidSuit" time="0.0" classname="test.CardTest"/>
  <testcase name="isValidSuit" time="0.0" classname="test.CardTest"/>
  <testcase name="isValidSuit" time="0.0" classname="test.CardTest"/>
  <testcase name="isValidSuit" time="0.0" classname="test.CardTest"/>
  <testcase name="isValidSuit" time="0.0" classname="test.CardTest"/>
  <testcase name="isValidSuit" time="0.0" classname="test.CardTest"/>
  <testcase name="isValidSuit" time="0.0" classname="test.CardTest"/>
  <testcase name="isValidSuit" time="0.0" classname="test.CardTest"/>
  <testcase name="isValidSuit" time="0.0" classname="test.CardTest"/>
  <testcase name="isValidSuit" time="0.0" classname="test.CardTest"/>
  <testcase name="isValidSuit" time="0.0" classname="test.CardTest"/>
  <testcase name="isValidSuit" time="0.0" classname="test.CardTest"/>
  <testcase name="isValidSuit" time="0.0" classname="test.CardTest"/>
  <testcase name="isValidSuit" time="0.001" classname="test.CardTest"/>
  <testcase name="isValidSuit" time="0.0" classname="test.CardTest"/>
  <testcase name="isValidSuit" time="0.001" classname="test.CardTest"/>
  <testcase name="isValidSuit" time="0.0" classname="test.CardTest"/>
  <testcase name="isValidSuit" time="0.0" classname="test.CardTest"/>
  <testcase name="isValidSuit" time="0.0" classname="test.CardTest"/>
  <testcase name="isValidSuit" time="0.0" classname="test.CardTest"/>
  <testcase name="isValidSuit" time="0.001" classname="test.CardTest"/>
  <testcase name="isValidSuit" time="0.0" classname="test.CardTest"/>
  <testcase name="isValidSuit" time="0.0" classname="test.CardTest"/>
  <testcase name="isValidSuit" time="0.0" classname="test.CardTest"/>
  <testcase name="isValidSuit" time="0.0" classname="test.CardTest"/>
  <testcase name="isValidSuit" time="0.001" classname="test.CardTest"/>
  <testcase name="isValidSuit" time="0.0" classname="test.CardTest"/>
  <testcase name="isValidSuit" time="0.001" classname="test.CardTest"/>
  <testcase name="isValidSuit" time="0.0" classname="test.CardTest"/>
  <testcase name="isValidSuit" time="0.0" classname="test.CardTest"/>
  <testcase name="isValidSuit" time="0.0" classname="test.CardTest"/>
  <testcase name="isValidSuit" time="0.0" classname="test.CardTest"/>
  <testcase name="isValidSuit" time="0.0" classname="test.CardTest"/>
</testsuite> <!-- Default test -->
